000 (315.000.000) 03/27 03:14:52 Job submitted from host: <128.83.130.140:49830>
...
001 (315.000.000) 03/27 03:15:13 Job executing on host: <128.83.144.42:53829>
...
006 (315.000.000) 03/27 03:15:22 Image size of job updated: 37035488
	36  -  MemoryUsage of job (MB)
	35968  -  ResidentSetSize of job (KB)
...
006 (315.000.000) 03/27 03:20:23 Image size of job updated: 37035488
	4472  -  MemoryUsage of job (MB)
	4578568  -  ResidentSetSize of job (KB)
...
006 (315.000.000) 03/27 03:25:23 Image size of job updated: 37035488
	4926  -  MemoryUsage of job (MB)
	5043836  -  ResidentSetSize of job (KB)
...
006 (315.000.000) 03/27 03:30:23 Image size of job updated: 37035488
	5588  -  MemoryUsage of job (MB)
	5721728  -  ResidentSetSize of job (KB)
...
005 (315.000.000) 03/27 03:31:47 Job terminated.
	(1) Normal termination (return value 0)
		Usr 0 00:16:46, Sys 0 00:00:03  -  Run Remote Usage
		Usr 0 00:00:00, Sys 0 00:00:00  -  Run Local Usage
		Usr 0 00:16:46, Sys 0 00:00:03  -  Total Remote Usage
		Usr 0 00:00:00, Sys 0 00:00:00  -  Total Local Usage
	0  -  Run Bytes Sent By Job
	0  -  Run Bytes Received By Job
	0  -  Total Bytes Sent By Job
	0  -  Total Bytes Received By Job
	Partitionable Resources :    Usage  Request Allocated
	   Cpus                 :                 1         1
	   Disk (KB)            :       10       10   4689763
	   Gpus                 :                           0
	   Memory (MB)          :     5588        1      4027
...
