000 (317.000.000) 03/27 03:14:52 Job submitted from host: <128.83.130.140:49830>
...
001 (317.000.000) 03/27 03:15:13 Job executing on host: <128.83.144.42:53829>
...
006 (317.000.000) 03/27 03:15:22 Image size of job updated: 35558040
	16  -  MemoryUsage of job (MB)
	15480  -  ResidentSetSize of job (KB)
...
006 (317.000.000) 03/27 03:20:22 Image size of job updated: 37035488
	7131  -  MemoryUsage of job (MB)
	7301884  -  ResidentSetSize of job (KB)
...
006 (317.000.000) 03/27 03:25:22 Image size of job updated: 37035488
	7132  -  MemoryUsage of job (MB)
	7302312  -  ResidentSetSize of job (KB)
...
006 (317.000.000) 03/27 03:35:23 Image size of job updated: 37035488
	7133  -  MemoryUsage of job (MB)
	7303364  -  ResidentSetSize of job (KB)
...
005 (317.000.000) 03/27 03:35:23 Job terminated.
	(1) Normal termination (return value 0)
		Usr 0 00:20:15, Sys 0 00:00:05  -  Run Remote Usage
		Usr 0 00:00:00, Sys 0 00:00:00  -  Run Local Usage
		Usr 0 00:20:15, Sys 0 00:00:05  -  Total Remote Usage
		Usr 0 00:00:00, Sys 0 00:00:00  -  Total Local Usage
	0  -  Run Bytes Sent By Job
	0  -  Run Bytes Received By Job
	0  -  Total Bytes Sent By Job
	0  -  Total Bytes Received By Job
	Partitionable Resources :    Usage  Request Allocated
	   Cpus                 :                 1         1
	   Disk (KB)            :       10       10   4689763
	   Gpus                 :                           0
	   Memory (MB)          :     7133        1      4027
...
