000 (310.000.000) 03/27 03:14:52 Job submitted from host: <128.83.130.140:49830>
...
001 (310.000.000) 03/27 03:15:13 Job executing on host: <128.83.144.42:53829>
...
006 (310.000.000) 03/27 03:15:21 Image size of job updated: 37035488
	34  -  MemoryUsage of job (MB)
	34632  -  ResidentSetSize of job (KB)
...
006 (310.000.000) 03/27 03:20:21 Image size of job updated: 37035488
	2114  -  MemoryUsage of job (MB)
	2164528  -  ResidentSetSize of job (KB)
...
005 (310.000.000) 03/27 03:22:15 Job terminated.
	(1) Normal termination (return value 0)
		Usr 0 00:07:09, Sys 0 00:00:02  -  Run Remote Usage
		Usr 0 00:00:00, Sys 0 00:00:00  -  Run Local Usage
		Usr 0 00:07:09, Sys 0 00:00:02  -  Total Remote Usage
		Usr 0 00:00:00, Sys 0 00:00:00  -  Total Local Usage
	0  -  Run Bytes Sent By Job
	0  -  Run Bytes Received By Job
	0  -  Total Bytes Sent By Job
	0  -  Total Bytes Received By Job
	Partitionable Resources :    Usage  Request Allocated
	   Cpus                 :                 1         1
	   Disk (KB)            :       10       10   4689763
	   Gpus                 :                           0
	   Memory (MB)          :     2114        1      4027
...
