000 (320.000.000) 03/27 03:14:52 Job submitted from host: <128.83.130.140:49830>
...
001 (320.000.000) 03/27 03:15:13 Job executing on host: <128.83.144.42:53829>
...
006 (320.000.000) 03/27 03:15:22 Image size of job updated: 37035488
	36  -  MemoryUsage of job (MB)
	36344  -  ResidentSetSize of job (KB)
...
006 (320.000.000) 03/27 03:20:23 Image size of job updated: 37035488
	10884  -  MemoryUsage of job (MB)
	11144212  -  ResidentSetSize of job (KB)
...
006 (320.000.000) 03/27 03:25:24 Image size of job updated: 37035488
	10894  -  MemoryUsage of job (MB)
	11154936  -  ResidentSetSize of job (KB)
...
006 (320.000.000) 03/27 03:30:24 Image size of job updated: 37035488
	10894  -  MemoryUsage of job (MB)
	11155020  -  ResidentSetSize of job (KB)
...
005 (320.000.000) 03/27 03:39:28 Job terminated.
	(1) Normal termination (return value 0)
		Usr 0 00:24:18, Sys 0 00:00:05  -  Run Remote Usage
		Usr 0 00:00:00, Sys 0 00:00:00  -  Run Local Usage
		Usr 0 00:24:18, Sys 0 00:00:05  -  Total Remote Usage
		Usr 0 00:00:00, Sys 0 00:00:00  -  Total Local Usage
	0  -  Run Bytes Sent By Job
	0  -  Run Bytes Received By Job
	0  -  Total Bytes Sent By Job
	0  -  Total Bytes Received By Job
	Partitionable Resources :    Usage  Request Allocated
	   Cpus                 :                 1         1
	   Disk (KB)            :       10       10   4689763
	   Gpus                 :                           0
	   Memory (MB)          :    10894        1      4027
...
