000 (350.000.000) 03/27 03:14:58 Job submitted from host: <128.83.130.140:49830>
...
001 (350.000.000) 03/27 03:15:15 Job executing on host: <128.83.144.155:33054>
...
006 (350.000.000) 03/27 03:15:24 Image size of job updated: 29536776
	420  -  MemoryUsage of job (MB)
	430032  -  ResidentSetSize of job (KB)
...
010 (350.000.000) 03/27 03:20:30 Job was suspended.
	Number of processes actually suspended: 1
...
006 (350.000.000) 03/27 03:20:30 Image size of job updated: 29538848
	4318  -  MemoryUsage of job (MB)
	4420672  -  ResidentSetSize of job (KB)
...
011 (350.000.000) 03/27 03:29:37 Job was unsuspended.
...
006 (350.000.000) 03/27 03:29:44 Image size of job updated: 29603340
	4318  -  MemoryUsage of job (MB)
	4420672  -  ResidentSetSize of job (KB)
...
004 (350.000.000) 03/27 03:29:44 Job was evicted.
	(0) Job was not checkpointed.
		Usr 0 00:01:31, Sys 0 00:00:06  -  Run Remote Usage
		Usr 0 00:00:00, Sys 0 00:00:00  -  Run Local Usage
	0  -  Run Bytes Sent By Job
	0  -  Run Bytes Received By Job
	Partitionable Resources :    Usage  Request Allocated
	   Cpus                 :                 1         1
	   Disk (KB)            :       10       10   8863362
	   Gpus                 :                           0
	   Memory (MB)          :     4318        1      4028
...
001 (350.000.000) 03/27 03:31:52 Job executing on host: <128.83.139.15:33793>
...
006 (350.000.000) 03/27 03:32:01 Image size of job updated: 37384388
	4395  -  MemoryUsage of job (MB)
	4500000  -  ResidentSetSize of job (KB)
...
006 (350.000.000) 03/27 03:37:03 Image size of job updated: 37384388
	9281  -  MemoryUsage of job (MB)
	9503328  -  ResidentSetSize of job (KB)
...
006 (350.000.000) 03/27 03:42:03 Image size of job updated: 37384388
	10564  -  MemoryUsage of job (MB)
	10817168  -  ResidentSetSize of job (KB)
...
010 (350.000.000) 03/27 03:51:30 Job was suspended.
	Number of processes actually suspended: 1
...
011 (350.000.000) 03/27 03:52:24 Job was unsuspended.
...
005 (350.000.000) 03/27 07:06:45 Job terminated.
	(1) Normal termination (return value 0)
		Usr 0 03:52:22, Sys 0 00:03:04  -  Run Remote Usage
		Usr 0 00:00:00, Sys 0 00:00:00  -  Run Local Usage
		Usr 0 03:52:22, Sys 0 00:03:04  -  Total Remote Usage
		Usr 0 00:00:00, Sys 0 00:00:00  -  Total Local Usage
	0  -  Run Bytes Sent By Job
	0  -  Run Bytes Received By Job
	0  -  Total Bytes Sent By Job
	0  -  Total Bytes Received By Job
	Partitionable Resources :    Usage  Request Allocated
	   Cpus                 :                 1         1
	   Disk (KB)            :       10       10   1702934
	   Gpus                 :                           0
	   Memory (MB)          :    10564     4395     12899
...
