000 (351.000.000) 03/27 03:14:58 Job submitted from host: <128.83.130.140:49830>
...
001 (351.000.000) 03/27 03:15:15 Job executing on host: <128.83.144.155:33054>
...
006 (351.000.000) 03/27 03:15:24 Image size of job updated: 29536776
	410  -  MemoryUsage of job (MB)
	419552  -  ResidentSetSize of job (KB)
...
010 (351.000.000) 03/27 03:20:30 Job was suspended.
	Number of processes actually suspended: 1
...
006 (351.000.000) 03/27 03:20:30 Image size of job updated: 29536776
	5398  -  MemoryUsage of job (MB)
	5527096  -  ResidentSetSize of job (KB)
...
011 (351.000.000) 03/27 03:29:37 Job was unsuspended.
...
006 (351.000.000) 03/27 03:30:02 Image size of job updated: 29603340
	5398  -  MemoryUsage of job (MB)
	5527096  -  ResidentSetSize of job (KB)
...
004 (351.000.000) 03/27 03:30:02 Job was evicted.
	(0) Job was not checkpointed.
		Usr 0 00:01:18, Sys 0 00:00:06  -  Run Remote Usage
		Usr 0 00:00:00, Sys 0 00:00:00  -  Run Local Usage
	0  -  Run Bytes Sent By Job
	0  -  Run Bytes Received By Job
	Partitionable Resources :    Usage  Request Allocated
	   Cpus                 :                 1         1
	   Disk (KB)            :       10       10   8863362
	   Gpus                 :                           0
	   Memory (MB)          :     5398        1      4028
...
001 (351.000.000) 03/27 03:31:52 Job executing on host: <128.83.139.15:33793>
...
006 (351.000.000) 03/27 03:37:02 Image size of job updated: 37384388
	10525  -  MemoryUsage of job (MB)
	10777460  -  ResidentSetSize of job (KB)
...
006 (351.000.000) 03/27 03:42:02 Image size of job updated: 37384388
	10532  -  MemoryUsage of job (MB)
	10784404  -  ResidentSetSize of job (KB)
...
010 (351.000.000) 03/27 03:51:25 Job was suspended.
	Number of processes actually suspended: 1
...
011 (351.000.000) 03/27 03:53:11 Job was unsuspended.
...
010 (351.000.000) 03/27 04:10:17 Job was suspended.
	Number of processes actually suspended: 1
...
011 (351.000.000) 03/27 04:11:38 Job was unsuspended.
...
005 (351.000.000) 03/27 07:43:12 Job terminated.
	(1) Normal termination (return value 0)
		Usr 0 04:24:13, Sys 0 00:03:20  -  Run Remote Usage
		Usr 0 00:00:00, Sys 0 00:00:00  -  Run Local Usage
		Usr 0 04:24:13, Sys 0 00:03:20  -  Total Remote Usage
		Usr 0 00:00:00, Sys 0 00:00:00  -  Total Local Usage
	0  -  Run Bytes Sent By Job
	0  -  Run Bytes Received By Job
	0  -  Total Bytes Sent By Job
	0  -  Total Bytes Received By Job
	Partitionable Resources :    Usage  Request Allocated
	   Cpus                 :                 1         1
	   Disk (KB)            :       10       10   1702934
	   Gpus                 :                           0
	   Memory (MB)          :    10532     7325     12899
...
