000 (352.000.000) 03/27 03:14:58 Job submitted from host: <128.83.130.140:49830>
...
001 (352.000.000) 03/27 03:15:13 Job executing on host: <128.83.144.148:37678>
...
006 (352.000.000) 03/27 03:15:21 Image size of job updated: 29536776
	104  -  MemoryUsage of job (MB)
	105616  -  ResidentSetSize of job (KB)
...
006 (352.000.000) 03/27 03:20:21 Image size of job updated: 29536776
	8397  -  MemoryUsage of job (MB)
	8597680  -  ResidentSetSize of job (KB)
...
006 (352.000.000) 03/27 03:25:22 Image size of job updated: 29536776
	8419  -  MemoryUsage of job (MB)
	8620816  -  ResidentSetSize of job (KB)
...
006 (352.000.000) 03/27 03:30:22 Image size of job updated: 29536776
	8442  -  MemoryUsage of job (MB)
	8643704  -  ResidentSetSize of job (KB)
...
006 (352.000.000) 03/27 03:35:22 Image size of job updated: 29536776
	8510  -  MemoryUsage of job (MB)
	8713452  -  ResidentSetSize of job (KB)
...
005 (352.000.000) 03/27 07:50:38 Job terminated.
	(1) Normal termination (return value 0)
		Usr 0 04:46:26, Sys 0 00:01:57  -  Run Remote Usage
		Usr 0 00:00:00, Sys 0 00:00:00  -  Run Local Usage
		Usr 0 04:46:26, Sys 0 00:01:57  -  Total Remote Usage
		Usr 0 00:00:00, Sys 0 00:00:00  -  Total Local Usage
	0  -  Run Bytes Sent By Job
	0  -  Run Bytes Received By Job
	0  -  Total Bytes Sent By Job
	0  -  Total Bytes Received By Job
	Partitionable Resources :    Usage  Request Allocated
	   Cpus                 :                 1         1
	   Disk (KB)            :       10       10   8859041
	   Gpus                 :                           0
	   Memory (MB)          :     8510        1      4028
...
