000 (345.000.000) 03/27 03:14:58 Job submitted from host: <128.83.130.140:49830>
...
001 (345.000.000) 03/27 03:15:15 Job executing on host: <128.83.144.155:33054>
...
006 (345.000.000) 03/27 03:15:24 Image size of job updated: 29536776
	410  -  MemoryUsage of job (MB)
	419636  -  ResidentSetSize of job (KB)
...
010 (345.000.000) 03/27 03:20:30 Job was suspended.
	Number of processes actually suspended: 1
...
006 (345.000.000) 03/27 03:20:30 Image size of job updated: 29536776
	2169  -  MemoryUsage of job (MB)
	2220204  -  ResidentSetSize of job (KB)
...
011 (345.000.000) 03/27 03:29:37 Job was unsuspended.
...
006 (345.000.000) 03/27 03:29:43 Image size of job updated: 29603340
	2169  -  MemoryUsage of job (MB)
	2220204  -  ResidentSetSize of job (KB)
...
004 (345.000.000) 03/27 03:29:43 Job was evicted.
	(0) Job was not checkpointed.
		Usr 0 00:01:37, Sys 0 00:00:05  -  Run Remote Usage
		Usr 0 00:00:00, Sys 0 00:00:00  -  Run Local Usage
	0  -  Run Bytes Sent By Job
	0  -  Run Bytes Received By Job
	Partitionable Resources :    Usage  Request Allocated
	   Cpus                 :                 1         1
	   Disk (KB)            :       10       10   8863362
	   Gpus                 :                           0
	   Memory (MB)          :     2169        1      4028
...
001 (345.000.000) 03/27 03:31:51 Job executing on host: <128.83.139.146:57495>
...
006 (345.000.000) 03/27 03:32:00 Image size of job updated: 37035488
	2198  -  MemoryUsage of job (MB)
	2250000  -  ResidentSetSize of job (KB)
...
006 (345.000.000) 03/27 03:37:00 Image size of job updated: 37035488
	8007  -  MemoryUsage of job (MB)
	8198148  -  ResidentSetSize of job (KB)
...
006 (345.000.000) 03/27 03:42:00 Image size of job updated: 37035488
	10336  -  MemoryUsage of job (MB)
	10583088  -  ResidentSetSize of job (KB)
...
006 (345.000.000) 03/27 03:47:01 Image size of job updated: 37035488
	10364  -  MemoryUsage of job (MB)
	10611764  -  ResidentSetSize of job (KB)
...
006 (345.000.000) 03/27 03:52:02 Image size of job updated: 37035488
	10418  -  MemoryUsage of job (MB)
	10667428  -  ResidentSetSize of job (KB)
...
005 (345.000.000) 03/27 05:08:27 Job terminated.
	(1) Normal termination (return value 0)
		Usr 0 01:41:45, Sys 0 00:00:15  -  Run Remote Usage
		Usr 0 00:00:00, Sys 0 00:00:00  -  Run Local Usage
		Usr 0 01:41:45, Sys 0 00:00:15  -  Total Remote Usage
		Usr 0 00:00:00, Sys 0 00:00:00  -  Total Local Usage
	0  -  Run Bytes Sent By Job
	0  -  Run Bytes Received By Job
	0  -  Total Bytes Sent By Job
	0  -  Total Bytes Received By Job
	Partitionable Resources :    Usage  Request Allocated
	   Cpus                 :                 1         1
	   Disk (KB)            :       10       10   7536830
	   Gpus                 :                           0
	   Memory (MB)          :    10418     2198      4027
...
