000 (353.000.000) 03/27 03:14:58 Job submitted from host: <128.83.130.140:49830>
...
001 (353.000.000) 03/27 03:15:13 Job executing on host: <128.83.144.148:37678>
...
006 (353.000.000) 03/27 03:15:22 Image size of job updated: 29536776
	94  -  MemoryUsage of job (MB)
	95660  -  ResidentSetSize of job (KB)
...
006 (353.000.000) 03/27 03:20:23 Image size of job updated: 29536776
	8438  -  MemoryUsage of job (MB)
	8640464  -  ResidentSetSize of job (KB)
...
006 (353.000.000) 03/27 03:25:24 Image size of job updated: 29536776
	8471  -  MemoryUsage of job (MB)
	8674228  -  ResidentSetSize of job (KB)
...
006 (353.000.000) 03/27 03:30:24 Image size of job updated: 29536776
	8503  -  MemoryUsage of job (MB)
	8707000  -  ResidentSetSize of job (KB)
...
006 (353.000.000) 03/27 03:35:24 Image size of job updated: 29536776
	8579  -  MemoryUsage of job (MB)
	8784788  -  ResidentSetSize of job (KB)
...
005 (353.000.000) 03/27 08:22:24 Job terminated.
	(1) Normal termination (return value 0)
		Usr 0 05:19:47, Sys 0 00:02:14  -  Run Remote Usage
		Usr 0 00:00:00, Sys 0 00:00:00  -  Run Local Usage
		Usr 0 05:19:47, Sys 0 00:02:14  -  Total Remote Usage
		Usr 0 00:00:00, Sys 0 00:00:00  -  Total Local Usage
	0  -  Run Bytes Sent By Job
	0  -  Run Bytes Received By Job
	0  -  Total Bytes Sent By Job
	0  -  Total Bytes Received By Job
	Partitionable Resources :    Usage  Request Allocated
	   Cpus                 :                 1         1
	   Disk (KB)            :       10       10   8859041
	   Gpus                 :                           0
	   Memory (MB)          :     8579        1      4028
...
