000 (346.000.000) 03/27 03:14:58 Job submitted from host: <128.83.130.140:49830>
...
001 (346.000.000) 03/27 03:15:15 Job executing on host: <128.83.144.155:33054>
...
006 (346.000.000) 03/27 03:15:24 Image size of job updated: 29536776
	422  -  MemoryUsage of job (MB)
	431476  -  ResidentSetSize of job (KB)
...
010 (346.000.000) 03/27 03:20:30 Job was suspended.
	Number of processes actually suspended: 1
...
006 (346.000.000) 03/27 03:20:30 Image size of job updated: 29536776
	2599  -  MemoryUsage of job (MB)
	2660940  -  ResidentSetSize of job (KB)
...
011 (346.000.000) 03/27 03:29:37 Job was unsuspended.
...
006 (346.000.000) 03/27 03:30:32 Image size of job updated: 29536776
	2720  -  MemoryUsage of job (MB)
	2784796  -  ResidentSetSize of job (KB)
...
004 (346.000.000) 03/27 03:30:32 Job was evicted.
	(0) Job was not checkpointed.
		Usr 0 00:01:24, Sys 0 00:00:07  -  Run Remote Usage
		Usr 0 00:00:00, Sys 0 00:00:00  -  Run Local Usage
	0  -  Run Bytes Sent By Job
	0  -  Run Bytes Received By Job
	Partitionable Resources :    Usage  Request Allocated
	   Cpus                 :                 1         1
	   Disk (KB)            :       10       10   8863362
	   Gpus                 :                           0
	   Memory (MB)          :     2720        1      4028
...
001 (346.000.000) 03/27 03:31:52 Job executing on host: <128.83.144.42:53829>
...
006 (346.000.000) 03/27 03:32:00 Image size of job updated: 37035488
	2930  -  MemoryUsage of job (MB)
	3000000  -  ResidentSetSize of job (KB)
...
006 (346.000.000) 03/27 03:37:00 Image size of job updated: 37035488
	8862  -  MemoryUsage of job (MB)
	9074332  -  ResidentSetSize of job (KB)
...
006 (346.000.000) 03/27 03:42:00 Image size of job updated: 37035488
	10364  -  MemoryUsage of job (MB)
	10612520  -  ResidentSetSize of job (KB)
...
006 (346.000.000) 03/27 03:47:01 Image size of job updated: 37035488
	10393  -  MemoryUsage of job (MB)
	10641688  -  ResidentSetSize of job (KB)
...
005 (346.000.000) 03/27 05:07:32 Job terminated.
	(1) Normal termination (return value 0)
		Usr 0 01:39:53, Sys 0 00:00:15  -  Run Remote Usage
		Usr 0 00:00:00, Sys 0 00:00:00  -  Run Local Usage
		Usr 0 01:39:53, Sys 0 00:00:15  -  Total Remote Usage
		Usr 0 00:00:00, Sys 0 00:00:00  -  Total Local Usage
	0  -  Run Bytes Sent By Job
	0  -  Run Bytes Received By Job
	0  -  Total Bytes Sent By Job
	0  -  Total Bytes Received By Job
	Partitionable Resources :    Usage  Request Allocated
	   Cpus                 :                 1         1
	   Disk (KB)            :       10       10   4689996
	   Gpus                 :                           0
	   Memory (MB)          :    10393     2930      4027
...
