000 (348.000.000) 03/27 03:14:58 Job submitted from host: <128.83.130.140:49830>
...
001 (348.000.000) 03/27 03:15:15 Job executing on host: <128.83.144.155:33054>
...
006 (348.000.000) 03/27 03:15:24 Image size of job updated: 29536776
	411  -  MemoryUsage of job (MB)
	420028  -  ResidentSetSize of job (KB)
...
010 (348.000.000) 03/27 03:19:19 Job was suspended.
	Number of processes actually suspended: 1
...
006 (348.000.000) 03/27 03:19:19 Image size of job updated: 29536776
	3463  -  MemoryUsage of job (MB)
	3545712  -  ResidentSetSize of job (KB)
...
011 (348.000.000) 03/27 03:29:14 Job was unsuspended.
...
006 (348.000.000) 03/27 03:29:29 Image size of job updated: 29603340
	3463  -  MemoryUsage of job (MB)
	3545712  -  ResidentSetSize of job (KB)
...
004 (348.000.000) 03/27 03:29:29 Job was evicted.
	(0) Job was not checkpointed.
		Usr 0 00:05:53, Sys 0 00:00:05  -  Run Remote Usage
		Usr 0 00:00:00, Sys 0 00:00:00  -  Run Local Usage
	0  -  Run Bytes Sent By Job
	0  -  Run Bytes Received By Job
	Partitionable Resources :    Usage  Request Allocated
	   Cpus                 :                 1         1
	   Disk (KB)            :       10       10   8863362
	   Gpus                 :                           0
	   Memory (MB)          :     3463        1      4028
...
001 (348.000.000) 03/27 03:31:52 Job executing on host: <128.83.144.42:53829>
...
006 (348.000.000) 03/27 03:32:01 Image size of job updated: 37035488
	3663  -  MemoryUsage of job (MB)
	3750000  -  ResidentSetSize of job (KB)
...
006 (348.000.000) 03/27 03:37:02 Image size of job updated: 37035488
	8957  -  MemoryUsage of job (MB)
	9171688  -  ResidentSetSize of job (KB)
...
006 (348.000.000) 03/27 03:42:03 Image size of job updated: 37035488
	10385  -  MemoryUsage of job (MB)
	10634188  -  ResidentSetSize of job (KB)
...
006 (348.000.000) 03/27 03:47:03 Image size of job updated: 37035488
	10390  -  MemoryUsage of job (MB)
	10638392  -  ResidentSetSize of job (KB)
...
005 (348.000.000) 03/27 05:33:42 Job terminated.
	(1) Normal termination (return value 0)
		Usr 0 02:07:49, Sys 0 00:00:20  -  Run Remote Usage
		Usr 0 00:00:00, Sys 0 00:00:00  -  Run Local Usage
		Usr 0 02:07:49, Sys 0 00:00:20  -  Total Remote Usage
		Usr 0 00:00:00, Sys 0 00:00:00  -  Total Local Usage
	0  -  Run Bytes Sent By Job
	0  -  Run Bytes Received By Job
	0  -  Total Bytes Sent By Job
	0  -  Total Bytes Received By Job
	Partitionable Resources :    Usage  Request Allocated
	   Cpus                 :                 1         1
	   Disk (KB)            :       10       10   4689995
	   Gpus                 :                           0
	   Memory (MB)          :    10390     3663      4027
...
