000 (349.000.000) 03/27 03:14:58 Job submitted from host: <128.83.130.140:49830>
...
001 (349.000.000) 03/27 03:15:15 Job executing on host: <128.83.144.155:33054>
...
006 (349.000.000) 03/27 03:15:24 Image size of job updated: 29536776
	424  -  MemoryUsage of job (MB)
	433392  -  ResidentSetSize of job (KB)
...
010 (349.000.000) 03/27 03:20:31 Job was suspended.
	Number of processes actually suspended: 1
...
006 (349.000.000) 03/27 03:20:31 Image size of job updated: 29536776
	3612  -  MemoryUsage of job (MB)
	3698528  -  ResidentSetSize of job (KB)
...
011 (349.000.000) 03/27 03:29:37 Job was unsuspended.
...
006 (349.000.000) 03/27 03:29:48 Image size of job updated: 29603340
	3612  -  MemoryUsage of job (MB)
	3698528  -  ResidentSetSize of job (KB)
...
004 (349.000.000) 03/27 03:29:48 Job was evicted.
	(0) Job was not checkpointed.
		Usr 0 00:01:56, Sys 0 00:00:06  -  Run Remote Usage
		Usr 0 00:00:00, Sys 0 00:00:00  -  Run Local Usage
	0  -  Run Bytes Sent By Job
	0  -  Run Bytes Received By Job
	Partitionable Resources :    Usage  Request Allocated
	   Cpus                 :                 1         1
	   Disk (KB)            :       10       10   8863362
	   Gpus                 :                           0
	   Memory (MB)          :     3612        1      4028
...
001 (349.000.000) 03/27 03:31:52 Job executing on host: <128.83.144.42:53829>
...
006 (349.000.000) 03/27 03:32:01 Image size of job updated: 37035488
	3663  -  MemoryUsage of job (MB)
	3750000  -  ResidentSetSize of job (KB)
...
006 (349.000.000) 03/27 03:37:02 Image size of job updated: 37035488
	8880  -  MemoryUsage of job (MB)
	9092252  -  ResidentSetSize of job (KB)
...
006 (349.000.000) 03/27 03:42:03 Image size of job updated: 37035488
	10346  -  MemoryUsage of job (MB)
	10593616  -  ResidentSetSize of job (KB)
...
006 (349.000.000) 03/27 03:47:03 Image size of job updated: 37035488
	10353  -  MemoryUsage of job (MB)
	10601284  -  ResidentSetSize of job (KB)
...
005 (349.000.000) 03/27 05:58:38 Job terminated.
	(1) Normal termination (return value 0)
		Usr 0 02:32:59, Sys 0 00:00:26  -  Run Remote Usage
		Usr 0 00:00:00, Sys 0 00:00:00  -  Run Local Usage
		Usr 0 02:32:59, Sys 0 00:00:26  -  Total Remote Usage
		Usr 0 00:00:00, Sys 0 00:00:00  -  Total Local Usage
	0  -  Run Bytes Sent By Job
	0  -  Run Bytes Received By Job
	0  -  Total Bytes Sent By Job
	0  -  Total Bytes Received By Job
	Partitionable Resources :    Usage  Request Allocated
	   Cpus                 :                 1         1
	   Disk (KB)            :       10       10   4689995
	   Gpus                 :                           0
	   Memory (MB)          :    10353     3663      4027
...
