000 (292.000.000) 03/27 03:14:37 Job submitted from host: <128.83.130.140:49830>
...
009 (292.000.000) 03/27 03:14:43 Job was aborted by the user.
	via condor_rm (by user jimmylin)
...
000 (341.000.000) 03/27 03:14:55 Job submitted from host: <128.83.130.140:49830>
...
001 (341.000.000) 03/27 03:15:15 Job executing on host: <128.83.144.155:33054>
...
006 (341.000.000) 03/27 03:15:24 Image size of job updated: 29536776
	554  -  MemoryUsage of job (MB)
	567196  -  ResidentSetSize of job (KB)
...
010 (341.000.000) 03/27 03:20:30 Job was suspended.
	Number of processes actually suspended: 1
...
006 (341.000.000) 03/27 03:20:30 Image size of job updated: 29536776
	3752  -  MemoryUsage of job (MB)
	3841224  -  ResidentSetSize of job (KB)
...
011 (341.000.000) 03/27 03:29:37 Job was unsuspended.
...
004 (341.000.000) 03/27 03:29:40 Job was evicted.
	(0) Job was not checkpointed.
		Usr 0 00:01:43, Sys 0 00:00:06  -  Run Remote Usage
		Usr 0 00:00:00, Sys 0 00:00:00  -  Run Local Usage
	0  -  Run Bytes Sent By Job
	0  -  Run Bytes Received By Job
	Partitionable Resources :    Usage  Request Allocated
	   Cpus                 :                 1         1
	   Disk (KB)            :       10       10   8863362
	   Gpus                 :                           0
	   Memory (MB)          :     3752        1      4028
...
001 (341.000.000) 03/27 03:30:37 Job executing on host: <128.83.139.150:49921>
...
006 (341.000.000) 03/27 03:30:46 Image size of job updated: 35560244
	3907  -  MemoryUsage of job (MB)
	4000000  -  ResidentSetSize of job (KB)
...
006 (341.000.000) 03/27 03:35:47 Image size of job updated: 37035488
	8771  -  MemoryUsage of job (MB)
	8981340  -  ResidentSetSize of job (KB)
...
006 (341.000.000) 03/27 03:40:47 Image size of job updated: 37035488
	10444  -  MemoryUsage of job (MB)
	10693676  -  ResidentSetSize of job (KB)
...
006 (341.000.000) 03/27 03:45:47 Image size of job updated: 37035488
	10484  -  MemoryUsage of job (MB)
	10734700  -  ResidentSetSize of job (KB)
...
006 (341.000.000) 03/27 03:50:49 Image size of job updated: 37035488
	10618  -  MemoryUsage of job (MB)
	10871892  -  ResidentSetSize of job (KB)
...
005 (341.000.000) 03/27 04:22:37 Job terminated.
	(1) Normal termination (return value 0)
		Usr 0 00:54:59, Sys 0 00:00:36  -  Run Remote Usage
		Usr 0 00:00:00, Sys 0 00:00:00  -  Run Local Usage
		Usr 0 00:54:59, Sys 0 00:00:36  -  Total Remote Usage
		Usr 0 00:00:00, Sys 0 00:00:00  -  Total Local Usage
	0  -  Run Bytes Sent By Job
	0  -  Run Bytes Received By Job
	0  -  Total Bytes Sent By Job
	0  -  Total Bytes Received By Job
	Partitionable Resources :    Usage  Request Allocated
	   Cpus                 :                 1         1
	   Disk (KB)            :       10       10   7541869
	   Gpus                 :                           0
	   Memory (MB)          :    10618     3907      4027
...
