000 (289.000.000) 03/27 03:14:37 Job submitted from host: <128.83.130.140:49830>
...
009 (289.000.000) 03/27 03:14:43 Job was aborted by the user.
	via condor_rm (by user jimmylin)
...
000 (338.000.000) 03/27 03:14:55 Job submitted from host: <128.83.130.140:49830>
...
001 (338.000.000) 03/27 03:15:14 Job executing on host: <128.83.144.155:33054>
...
006 (338.000.000) 03/27 03:15:23 Image size of job updated: 29536776
	564  -  MemoryUsage of job (MB)
	577400  -  ResidentSetSize of job (KB)
...
006 (338.000.000) 03/27 03:20:31 Image size of job updated: 29536776
	3984  -  MemoryUsage of job (MB)
	4078916  -  ResidentSetSize of job (KB)
...
010 (338.000.000) 03/27 03:20:47 Job was suspended.
	Number of processes actually suspended: 1
...
006 (338.000.000) 03/27 03:20:47 Image size of job updated: 29536776
	4126  -  MemoryUsage of job (MB)
	4224008  -  ResidentSetSize of job (KB)
...
011 (338.000.000) 03/27 03:30:32 Job was unsuspended.
...
006 (338.000.000) 03/27 03:30:36 Image size of job updated: 29603340
	4126  -  MemoryUsage of job (MB)
	4224008  -  ResidentSetSize of job (KB)
...
004 (338.000.000) 03/27 03:30:36 Job was evicted.
	(0) Job was not checkpointed.
		Usr 0 00:01:58, Sys 0 00:00:08  -  Run Remote Usage
		Usr 0 00:00:00, Sys 0 00:00:00  -  Run Local Usage
	0  -  Run Bytes Sent By Job
	0  -  Run Bytes Received By Job
	Partitionable Resources :    Usage  Request Allocated
	   Cpus                 :                 1         1
	   Disk (KB)            :       10       10   8863362
	   Gpus                 :                           0
	   Memory (MB)          :     4126        1      4028
...
001 (338.000.000) 03/27 03:31:51 Job executing on host: <128.83.139.15:33793>
...
006 (338.000.000) 03/27 03:32:00 Image size of job updated: 37384388
	4151  -  MemoryUsage of job (MB)
	4250000  -  ResidentSetSize of job (KB)
...
006 (338.000.000) 03/27 03:37:01 Image size of job updated: 37384388
	9607  -  MemoryUsage of job (MB)
	9836672  -  ResidentSetSize of job (KB)
...
006 (338.000.000) 03/27 03:42:02 Image size of job updated: 37384388
	10256  -  MemoryUsage of job (MB)
	10501220  -  ResidentSetSize of job (KB)
...
010 (338.000.000) 03/27 03:51:36 Job was suspended.
	Number of processes actually suspended: 1
...
011 (338.000.000) 03/27 03:52:08 Job was unsuspended.
...
005 (338.000.000) 03/27 04:15:03 Job terminated.
	(1) Normal termination (return value 0)
		Usr 0 00:43:28, Sys 0 00:00:22  -  Run Remote Usage
		Usr 0 00:00:00, Sys 0 00:00:00  -  Run Local Usage
		Usr 0 00:43:28, Sys 0 00:00:22  -  Total Remote Usage
		Usr 0 00:00:00, Sys 0 00:00:00  -  Total Local Usage
	0  -  Run Bytes Sent By Job
	0  -  Run Bytes Received By Job
	0  -  Total Bytes Sent By Job
	0  -  Total Bytes Received By Job
	Partitionable Resources :    Usage  Request Allocated
	   Cpus                 :                 1         1
	   Disk (KB)            :       10       10   1702934
	   Gpus                 :                           0
	   Memory (MB)          :    10256     4151     12899
...
