000 (364.000.000) 03/27 03:15:03 Job submitted from host: <128.83.130.140:49830>
...
001 (364.000.000) 03/27 03:15:14 Job executing on host: <128.83.144.148:37678>
...
006 (364.000.000) 03/27 03:15:22 Image size of job updated: 10
	2  -  MemoryUsage of job (MB)
	2012  -  ResidentSetSize of job (KB)
...
006 (364.000.000) 03/27 03:18:57 Image size of job updated: 29536776
	2  -  MemoryUsage of job (MB)
	2012  -  ResidentSetSize of job (KB)
...
005 (364.000.000) 03/27 03:18:57 Job terminated.
	(1) Normal termination (return value 0)
		Usr 0 00:03:49, Sys 0 00:00:01  -  Run Remote Usage
		Usr 0 00:00:00, Sys 0 00:00:00  -  Run Local Usage
		Usr 0 00:03:49, Sys 0 00:00:01  -  Total Remote Usage
		Usr 0 00:00:00, Sys 0 00:00:00  -  Total Local Usage
	0  -  Run Bytes Sent By Job
	0  -  Run Bytes Received By Job
	0  -  Total Bytes Sent By Job
	0  -  Total Bytes Received By Job
	Partitionable Resources :    Usage  Request Allocated
	   Cpus                 :                 1         1
	   Disk (KB)            :       10       10   8859041
	   Gpus                 :                           0
	   Memory (MB)          :        2        1      4028
...
