000 (371.000.000) 03/27 03:15:03 Job submitted from host: <128.83.130.140:49830>
...
001 (371.000.000) 03/27 03:15:15 Job executing on host: <128.83.139.150:49921>
...
006 (371.000.000) 03/27 03:15:23 Image size of job updated: 37035488
	332  -  MemoryUsage of job (MB)
	339376  -  ResidentSetSize of job (KB)
...
006 (371.000.000) 03/27 03:20:23 Image size of job updated: 37035488
	4162  -  MemoryUsage of job (MB)
	4261820  -  ResidentSetSize of job (KB)
...
005 (371.000.000) 03/27 03:30:34 Job terminated.
	(1) Normal termination (return value 0)
		Usr 0 00:14:51, Sys 0 00:00:02  -  Run Remote Usage
		Usr 0 00:00:00, Sys 0 00:00:00  -  Run Local Usage
		Usr 0 00:14:51, Sys 0 00:00:02  -  Total Remote Usage
		Usr 0 00:00:00, Sys 0 00:00:00  -  Total Local Usage
	0  -  Run Bytes Sent By Job
	0  -  Run Bytes Received By Job
	0  -  Total Bytes Sent By Job
	0  -  Total Bytes Received By Job
	Partitionable Resources :    Usage  Request Allocated
	   Cpus                 :                 1         1
	   Disk (KB)            :       10       10   7541869
	   Gpus                 :                           0
	   Memory (MB)          :     4162        1      4027
...
