000 (372.000.000) 03/27 03:15:03 Job submitted from host: <128.83.130.140:49830>
...
001 (372.000.000) 03/27 03:15:15 Job executing on host: <128.83.139.150:49921>
...
006 (372.000.000) 03/27 03:15:24 Image size of job updated: 37035488
	196  -  MemoryUsage of job (MB)
	200552  -  ResidentSetSize of job (KB)
...
006 (372.000.000) 03/27 03:20:25 Image size of job updated: 37035488
	6064  -  MemoryUsage of job (MB)
	6209380  -  ResidentSetSize of job (KB)
...
005 (372.000.000) 03/27 03:33:51 Job terminated.
	(1) Normal termination (return value 0)
		Usr 0 00:16:23, Sys 0 00:00:09  -  Run Remote Usage
		Usr 0 00:00:00, Sys 0 00:00:00  -  Run Local Usage
		Usr 0 00:16:23, Sys 0 00:00:09  -  Total Remote Usage
		Usr 0 00:00:00, Sys 0 00:00:00  -  Total Local Usage
	0  -  Run Bytes Sent By Job
	0  -  Run Bytes Received By Job
	0  -  Total Bytes Sent By Job
	0  -  Total Bytes Received By Job
	Partitionable Resources :    Usage  Request Allocated
	   Cpus                 :                 1         1
	   Disk (KB)            :       10       10   7541869
	   Gpus                 :                           0
	   Memory (MB)          :     6064        1      4027
...
