000 (365.000.000) 03/27 03:15:03 Job submitted from host: <128.83.130.140:49830>
...
001 (365.000.000) 03/27 03:15:14 Job executing on host: <128.83.139.150:49921>
...
006 (365.000.000) 03/27 03:15:23 Image size of job updated: 37038072
	520  -  MemoryUsage of job (MB)
	532224  -  ResidentSetSize of job (KB)
...
006 (365.000.000) 03/27 03:20:25 Image size of job updated: 37038072
	1538  -  MemoryUsage of job (MB)
	1574492  -  ResidentSetSize of job (KB)
...
005 (365.000.000) 03/27 03:21:32 Job terminated.
	(1) Normal termination (return value 0)
		Usr 0 00:06:06, Sys 0 00:00:04  -  Run Remote Usage
		Usr 0 00:00:00, Sys 0 00:00:00  -  Run Local Usage
		Usr 0 00:06:06, Sys 0 00:00:04  -  Total Remote Usage
		Usr 0 00:00:00, Sys 0 00:00:00  -  Total Local Usage
	0  -  Run Bytes Sent By Job
	0  -  Run Bytes Received By Job
	0  -  Total Bytes Sent By Job
	0  -  Total Bytes Received By Job
	Partitionable Resources :    Usage  Request Allocated
	   Cpus                 :                 1         1
	   Disk (KB)            :       10       10   7541869
	   Gpus                 :                           0
	   Memory (MB)          :     1538        1      4027
...
