000 (373.000.000) 03/27 03:15:03 Job submitted from host: <128.83.130.140:49830>
...
001 (373.000.000) 03/27 03:15:16 Job executing on host: <128.83.139.150:49921>
...
006 (373.000.000) 03/27 03:15:25 Image size of job updated: 37035488
	103  -  MemoryUsage of job (MB)
	104920  -  ResidentSetSize of job (KB)
...
006 (373.000.000) 03/27 03:20:26 Image size of job updated: 37035488
	6855  -  MemoryUsage of job (MB)
	7018748  -  ResidentSetSize of job (KB)
...
010 (373.000.000) 03/27 03:27:31 Job was suspended.
	Number of processes actually suspended: 1
...
011 (373.000.000) 03/27 03:27:46 Job was unsuspended.
...
005 (373.000.000) 03/27 03:35:09 Job terminated.
	(1) Normal termination (return value 0)
		Usr 0 00:18:31, Sys 0 00:00:04  -  Run Remote Usage
		Usr 0 00:00:00, Sys 0 00:00:00  -  Run Local Usage
		Usr 0 00:18:31, Sys 0 00:00:04  -  Total Remote Usage
		Usr 0 00:00:00, Sys 0 00:00:00  -  Total Local Usage
	0  -  Run Bytes Sent By Job
	0  -  Run Bytes Received By Job
	0  -  Total Bytes Sent By Job
	0  -  Total Bytes Received By Job
	Partitionable Resources :    Usage  Request Allocated
	   Cpus                 :                 1         1
	   Disk (KB)            :       10       10   7541869
	   Gpus                 :                           0
	   Memory (MB)          :     6855        1      4027
...
