000 (367.000.000) 03/27 03:15:03 Job submitted from host: <128.83.130.140:49830>
...
001 (367.000.000) 03/27 03:15:14 Job executing on host: <128.83.139.150:49921>
...
006 (367.000.000) 03/27 03:15:23 Image size of job updated: 37035488
	566  -  MemoryUsage of job (MB)
	578852  -  ResidentSetSize of job (KB)
...
006 (367.000.000) 03/27 03:20:24 Image size of job updated: 37035488
	1972  -  MemoryUsage of job (MB)
	2018852  -  ResidentSetSize of job (KB)
...
006 (367.000.000) 03/27 03:25:24 Image size of job updated: 37035488
	2005  -  MemoryUsage of job (MB)
	2052396  -  ResidentSetSize of job (KB)
...
005 (367.000.000) 03/27 03:25:30 Job terminated.
	(1) Normal termination (return value 0)
		Usr 0 00:09:16, Sys 0 00:00:03  -  Run Remote Usage
		Usr 0 00:00:00, Sys 0 00:00:00  -  Run Local Usage
		Usr 0 00:09:16, Sys 0 00:00:03  -  Total Remote Usage
		Usr 0 00:00:00, Sys 0 00:00:00  -  Total Local Usage
	0  -  Run Bytes Sent By Job
	0  -  Run Bytes Received By Job
	0  -  Total Bytes Sent By Job
	0  -  Total Bytes Received By Job
	Partitionable Resources :    Usage  Request Allocated
	   Cpus                 :                 1         1
	   Disk (KB)            :       10       10   7541869
	   Gpus                 :                           0
	   Memory (MB)          :     2005        1      4027
...
