000 (369.000.000) 03/27 03:15:03 Job submitted from host: <128.83.130.140:49830>
...
001 (369.000.000) 03/27 03:15:14 Job executing on host: <128.83.139.150:49921>
...
006 (369.000.000) 03/27 03:15:23 Image size of job updated: 37035488
	376  -  MemoryUsage of job (MB)
	384868  -  ResidentSetSize of job (KB)
...
006 (369.000.000) 03/27 03:20:24 Image size of job updated: 37035488
	4101  -  MemoryUsage of job (MB)
	4199064  -  ResidentSetSize of job (KB)
...
005 (369.000.000) 03/27 03:27:39 Job terminated.
	(1) Normal termination (return value 0)
		Usr 0 00:11:38, Sys 0 00:00:03  -  Run Remote Usage
		Usr 0 00:00:00, Sys 0 00:00:00  -  Run Local Usage
		Usr 0 00:11:38, Sys 0 00:00:03  -  Total Remote Usage
		Usr 0 00:00:00, Sys 0 00:00:00  -  Total Local Usage
	0  -  Run Bytes Sent By Job
	0  -  Run Bytes Received By Job
	0  -  Total Bytes Sent By Job
	0  -  Total Bytes Received By Job
	Partitionable Resources :    Usage  Request Allocated
	   Cpus                 :                 1         1
	   Disk (KB)            :       10       10   7541869
	   Gpus                 :                           0
	   Memory (MB)          :     4101        1      4027
...
