State #0 "O"
initialWeight=0.0, finalWeight=0.0
#destinations=60
-> O
-> NNP
-> ,
-> CD
-> NNS
-> JJ
-> MD
-> VB
-> DT
-> NN
-> IN
-> .
-> VBZ
-> VBG
-> CC
-> VBD
-> VBN
-> RB
-> TO
-> PRP
-> RBR
-> WDT
-> VBP
-> PRP$
-> JJS
-> POS
-> ``
-> EX
-> ''
-> WP
-> :
-> JJR
-> WRB
-> RP
-> $
-> NNPS
-> WP$
-> 2
-> winter
-> (
-> )
-> PDT
-> RBS
-> FW
-> UH
-> McGraw-Hill
-> McGraw
-> 4
-> 8
-> Contra
-> SYM
-> Firestone
-> LS
-> 10th
-> #
-> VBG|NN
-> 16
-> Del
-> Fawcett
-> 50
State #1 "NNP"
initialWeight=0.0, finalWeight=0.0
#destinations=60
-> O
-> NNP
-> ,
-> CD
-> NNS
-> JJ
-> MD
-> VB
-> DT
-> NN
-> IN
-> .
-> VBZ
-> VBG
-> CC
-> VBD
-> VBN
-> RB
-> TO
-> PRP
-> RBR
-> WDT
-> VBP
-> PRP$
-> JJS
-> POS
-> ``
-> EX
-> ''
-> WP
-> :
-> JJR
-> WRB
-> RP
-> $
-> NNPS
-> WP$
-> 2
-> winter
-> (
-> )
-> PDT
-> RBS
-> FW
-> UH
-> McGraw-Hill
-> McGraw
-> 4
-> 8
-> Contra
-> SYM
-> Firestone
-> LS
-> 10th
-> #
-> VBG|NN
-> 16
-> Del
-> Fawcett
-> 50
State #2 ","
initialWeight=0.0, finalWeight=0.0
#destinations=60
-> O
-> NNP
-> ,
-> CD
-> NNS
-> JJ
-> MD
-> VB
-> DT
-> NN
-> IN
-> .
-> VBZ
-> VBG
-> CC
-> VBD
-> VBN
-> RB
-> TO
-> PRP
-> RBR
-> WDT
-> VBP
-> PRP$
-> JJS
-> POS
-> ``
-> EX
-> ''
-> WP
-> :
-> JJR
-> WRB
-> RP
-> $
-> NNPS
-> WP$
-> 2
-> winter
-> (
-> )
-> PDT
-> RBS
-> FW
-> UH
-> McGraw-Hill
-> McGraw
-> 4
-> 8
-> Contra
-> SYM
-> Firestone
-> LS
-> 10th
-> #
-> VBG|NN
-> 16
-> Del
-> Fawcett
-> 50
State #3 "CD"
initialWeight=0.0, finalWeight=0.0
#destinations=60
-> O
-> NNP
-> ,
-> CD
-> NNS
-> JJ
-> MD
-> VB
-> DT
-> NN
-> IN
-> .
-> VBZ
-> VBG
-> CC
-> VBD
-> VBN
-> RB
-> TO
-> PRP
-> RBR
-> WDT
-> VBP
-> PRP$
-> JJS
-> POS
-> ``
-> EX
-> ''
-> WP
-> :
-> JJR
-> WRB
-> RP
-> $
-> NNPS
-> WP$
-> 2
-> winter
-> (
-> )
-> PDT
-> RBS
-> FW
-> UH
-> McGraw-Hill
-> McGraw
-> 4
-> 8
-> Contra
-> SYM
-> Firestone
-> LS
-> 10th
-> #
-> VBG|NN
-> 16
-> Del
-> Fawcett
-> 50
State #4 "NNS"
initialWeight=0.0, finalWeight=0.0
#destinations=60
-> O
-> NNP
-> ,
-> CD
-> NNS
-> JJ
-> MD
-> VB
-> DT
-> NN
-> IN
-> .
-> VBZ
-> VBG
-> CC
-> VBD
-> VBN
-> RB
-> TO
-> PRP
-> RBR
-> WDT
-> VBP
-> PRP$
-> JJS
-> POS
-> ``
-> EX
-> ''
-> WP
-> :
-> JJR
-> WRB
-> RP
-> $
-> NNPS
-> WP$
-> 2
-> winter
-> (
-> )
-> PDT
-> RBS
-> FW
-> UH
-> McGraw-Hill
-> McGraw
-> 4
-> 8
-> Contra
-> SYM
-> Firestone
-> LS
-> 10th
-> #
-> VBG|NN
-> 16
-> Del
-> Fawcett
-> 50
State #5 "JJ"
initialWeight=0.0, finalWeight=0.0
#destinations=60
-> O
-> NNP
-> ,
-> CD
-> NNS
-> JJ
-> MD
-> VB
-> DT
-> NN
-> IN
-> .
-> VBZ
-> VBG
-> CC
-> VBD
-> VBN
-> RB
-> TO
-> PRP
-> RBR
-> WDT
-> VBP
-> PRP$
-> JJS
-> POS
-> ``
-> EX
-> ''
-> WP
-> :
-> JJR
-> WRB
-> RP
-> $
-> NNPS
-> WP$
-> 2
-> winter
-> (
-> )
-> PDT
-> RBS
-> FW
-> UH
-> McGraw-Hill
-> McGraw
-> 4
-> 8
-> Contra
-> SYM
-> Firestone
-> LS
-> 10th
-> #
-> VBG|NN
-> 16
-> Del
-> Fawcett
-> 50
State #6 "MD"
initialWeight=0.0, finalWeight=0.0
#destinations=60
-> O
-> NNP
-> ,
-> CD
-> NNS
-> JJ
-> MD
-> VB
-> DT
-> NN
-> IN
-> .
-> VBZ
-> VBG
-> CC
-> VBD
-> VBN
-> RB
-> TO
-> PRP
-> RBR
-> WDT
-> VBP
-> PRP$
-> JJS
-> POS
-> ``
-> EX
-> ''
-> WP
-> :
-> JJR
-> WRB
-> RP
-> $
-> NNPS
-> WP$
-> 2
-> winter
-> (
-> )
-> PDT
-> RBS
-> FW
-> UH
-> McGraw-Hill
-> McGraw
-> 4
-> 8
-> Contra
-> SYM
-> Firestone
-> LS
-> 10th
-> #
-> VBG|NN
-> 16
-> Del
-> Fawcett
-> 50
State #7 "VB"
initialWeight=0.0, finalWeight=0.0
#destinations=60
-> O
-> NNP
-> ,
-> CD
-> NNS
-> JJ
-> MD
-> VB
-> DT
-> NN
-> IN
-> .
-> VBZ
-> VBG
-> CC
-> VBD
-> VBN
-> RB
-> TO
-> PRP
-> RBR
-> WDT
-> VBP
-> PRP$
-> JJS
-> POS
-> ``
-> EX
-> ''
-> WP
-> :
-> JJR
-> WRB
-> RP
-> $
-> NNPS
-> WP$
-> 2
-> winter
-> (
-> )
-> PDT
-> RBS
-> FW
-> UH
-> McGraw-Hill
-> McGraw
-> 4
-> 8
-> Contra
-> SYM
-> Firestone
-> LS
-> 10th
-> #
-> VBG|NN
-> 16
-> Del
-> Fawcett
-> 50
State #8 "DT"
initialWeight=0.0, finalWeight=0.0
#destinations=60
-> O
-> NNP
-> ,
-> CD
-> NNS
-> JJ
-> MD
-> VB
-> DT
-> NN
-> IN
-> .
-> VBZ
-> VBG
-> CC
-> VBD
-> VBN
-> RB
-> TO
-> PRP
-> RBR
-> WDT
-> VBP
-> PRP$
-> JJS
-> POS
-> ``
-> EX
-> ''
-> WP
-> :
-> JJR
-> WRB
-> RP
-> $
-> NNPS
-> WP$
-> 2
-> winter
-> (
-> )
-> PDT
-> RBS
-> FW
-> UH
-> McGraw-Hill
-> McGraw
-> 4
-> 8
-> Contra
-> SYM
-> Firestone
-> LS
-> 10th
-> #
-> VBG|NN
-> 16
-> Del
-> Fawcett
-> 50
State #9 "NN"
initialWeight=0.0, finalWeight=0.0
#destinations=60
-> O
-> NNP
-> ,
-> CD
-> NNS
-> JJ
-> MD
-> VB
-> DT
-> NN
-> IN
-> .
-> VBZ
-> VBG
-> CC
-> VBD
-> VBN
-> RB
-> TO
-> PRP
-> RBR
-> WDT
-> VBP
-> PRP$
-> JJS
-> POS
-> ``
-> EX
-> ''
-> WP
-> :
-> JJR
-> WRB
-> RP
-> $
-> NNPS
-> WP$
-> 2
-> winter
-> (
-> )
-> PDT
-> RBS
-> FW
-> UH
-> McGraw-Hill
-> McGraw
-> 4
-> 8
-> Contra
-> SYM
-> Firestone
-> LS
-> 10th
-> #
-> VBG|NN
-> 16
-> Del
-> Fawcett
-> 50
State #10 "IN"
initialWeight=0.0, finalWeight=0.0
#destinations=60
-> O
-> NNP
-> ,
-> CD
-> NNS
-> JJ
-> MD
-> VB
-> DT
-> NN
-> IN
-> .
-> VBZ
-> VBG
-> CC
-> VBD
-> VBN
-> RB
-> TO
-> PRP
-> RBR
-> WDT
-> VBP
-> PRP$
-> JJS
-> POS
-> ``
-> EX
-> ''
-> WP
-> :
-> JJR
-> WRB
-> RP
-> $
-> NNPS
-> WP$
-> 2
-> winter
-> (
-> )
-> PDT
-> RBS
-> FW
-> UH
-> McGraw-Hill
-> McGraw
-> 4
-> 8
-> Contra
-> SYM
-> Firestone
-> LS
-> 10th
-> #
-> VBG|NN
-> 16
-> Del
-> Fawcett
-> 50
State #11 "."
initialWeight=0.0, finalWeight=0.0
#destinations=60
-> O
-> NNP
-> ,
-> CD
-> NNS
-> JJ
-> MD
-> VB
-> DT
-> NN
-> IN
-> .
-> VBZ
-> VBG
-> CC
-> VBD
-> VBN
-> RB
-> TO
-> PRP
-> RBR
-> WDT
-> VBP
-> PRP$
-> JJS
-> POS
-> ``
-> EX
-> ''
-> WP
-> :
-> JJR
-> WRB
-> RP
-> $
-> NNPS
-> WP$
-> 2
-> winter
-> (
-> )
-> PDT
-> RBS
-> FW
-> UH
-> McGraw-Hill
-> McGraw
-> 4
-> 8
-> Contra
-> SYM
-> Firestone
-> LS
-> 10th
-> #
-> VBG|NN
-> 16
-> Del
-> Fawcett
-> 50
State #12 "VBZ"
initialWeight=0.0, finalWeight=0.0
#destinations=60
-> O
-> NNP
-> ,
-> CD
-> NNS
-> JJ
-> MD
-> VB
-> DT
-> NN
-> IN
-> .
-> VBZ
-> VBG
-> CC
-> VBD
-> VBN
-> RB
-> TO
-> PRP
-> RBR
-> WDT
-> VBP
-> PRP$
-> JJS
-> POS
-> ``
-> EX
-> ''
-> WP
-> :
-> JJR
-> WRB
-> RP
-> $
-> NNPS
-> WP$
-> 2
-> winter
-> (
-> )
-> PDT
-> RBS
-> FW
-> UH
-> McGraw-Hill
-> McGraw
-> 4
-> 8
-> Contra
-> SYM
-> Firestone
-> LS
-> 10th
-> #
-> VBG|NN
-> 16
-> Del
-> Fawcett
-> 50
State #13 "VBG"
initialWeight=0.0, finalWeight=0.0
#destinations=60
-> O
-> NNP
-> ,
-> CD
-> NNS
-> JJ
-> MD
-> VB
-> DT
-> NN
-> IN
-> .
-> VBZ
-> VBG
-> CC
-> VBD
-> VBN
-> RB
-> TO
-> PRP
-> RBR
-> WDT
-> VBP
-> PRP$
-> JJS
-> POS
-> ``
-> EX
-> ''
-> WP
-> :
-> JJR
-> WRB
-> RP
-> $
-> NNPS
-> WP$
-> 2
-> winter
-> (
-> )
-> PDT
-> RBS
-> FW
-> UH
-> McGraw-Hill
-> McGraw
-> 4
-> 8
-> Contra
-> SYM
-> Firestone
-> LS
-> 10th
-> #
-> VBG|NN
-> 16
-> Del
-> Fawcett
-> 50
State #14 "CC"
initialWeight=0.0, finalWeight=0.0
#destinations=60
-> O
-> NNP
-> ,
-> CD
-> NNS
-> JJ
-> MD
-> VB
-> DT
-> NN
-> IN
-> .
-> VBZ
-> VBG
-> CC
-> VBD
-> VBN
-> RB
-> TO
-> PRP
-> RBR
-> WDT
-> VBP
-> PRP$
-> JJS
-> POS
-> ``
-> EX
-> ''
-> WP
-> :
-> JJR
-> WRB
-> RP
-> $
-> NNPS
-> WP$
-> 2
-> winter
-> (
-> )
-> PDT
-> RBS
-> FW
-> UH
-> McGraw-Hill
-> McGraw
-> 4
-> 8
-> Contra
-> SYM
-> Firestone
-> LS
-> 10th
-> #
-> VBG|NN
-> 16
-> Del
-> Fawcett
-> 50
State #15 "VBD"
initialWeight=0.0, finalWeight=0.0
#destinations=60
-> O
-> NNP
-> ,
-> CD
-> NNS
-> JJ
-> MD
-> VB
-> DT
-> NN
-> IN
-> .
-> VBZ
-> VBG
-> CC
-> VBD
-> VBN
-> RB
-> TO
-> PRP
-> RBR
-> WDT
-> VBP
-> PRP$
-> JJS
-> POS
-> ``
-> EX
-> ''
-> WP
-> :
-> JJR
-> WRB
-> RP
-> $
-> NNPS
-> WP$
-> 2
-> winter
-> (
-> )
-> PDT
-> RBS
-> FW
-> UH
-> McGraw-Hill
-> McGraw
-> 4
-> 8
-> Contra
-> SYM
-> Firestone
-> LS
-> 10th
-> #
-> VBG|NN
-> 16
-> Del
-> Fawcett
-> 50
State #16 "VBN"
initialWeight=0.0, finalWeight=0.0
#destinations=60
-> O
-> NNP
-> ,
-> CD
-> NNS
-> JJ
-> MD
-> VB
-> DT
-> NN
-> IN
-> .
-> VBZ
-> VBG
-> CC
-> VBD
-> VBN
-> RB
-> TO
-> PRP
-> RBR
-> WDT
-> VBP
-> PRP$
-> JJS
-> POS
-> ``
-> EX
-> ''
-> WP
-> :
-> JJR
-> WRB
-> RP
-> $
-> NNPS
-> WP$
-> 2
-> winter
-> (
-> )
-> PDT
-> RBS
-> FW
-> UH
-> McGraw-Hill
-> McGraw
-> 4
-> 8
-> Contra
-> SYM
-> Firestone
-> LS
-> 10th
-> #
-> VBG|NN
-> 16
-> Del
-> Fawcett
-> 50
State #17 "RB"
initialWeight=0.0, finalWeight=0.0
#destinations=60
-> O
-> NNP
-> ,
-> CD
-> NNS
-> JJ
-> MD
-> VB
-> DT
-> NN
-> IN
-> .
-> VBZ
-> VBG
-> CC
-> VBD
-> VBN
-> RB
-> TO
-> PRP
-> RBR
-> WDT
-> VBP
-> PRP$
-> JJS
-> POS
-> ``
-> EX
-> ''
-> WP
-> :
-> JJR
-> WRB
-> RP
-> $
-> NNPS
-> WP$
-> 2
-> winter
-> (
-> )
-> PDT
-> RBS
-> FW
-> UH
-> McGraw-Hill
-> McGraw
-> 4
-> 8
-> Contra
-> SYM
-> Firestone
-> LS
-> 10th
-> #
-> VBG|NN
-> 16
-> Del
-> Fawcett
-> 50
State #18 "TO"
initialWeight=0.0, finalWeight=0.0
#destinations=60
-> O
-> NNP
-> ,
-> CD
-> NNS
-> JJ
-> MD
-> VB
-> DT
-> NN
-> IN
-> .
-> VBZ
-> VBG
-> CC
-> VBD
-> VBN
-> RB
-> TO
-> PRP
-> RBR
-> WDT
-> VBP
-> PRP$
-> JJS
-> POS
-> ``
-> EX
-> ''
-> WP
-> :
-> JJR
-> WRB
-> RP
-> $
-> NNPS
-> WP$
-> 2
-> winter
-> (
-> )
-> PDT
-> RBS
-> FW
-> UH
-> McGraw-Hill
-> McGraw
-> 4
-> 8
-> Contra
-> SYM
-> Firestone
-> LS
-> 10th
-> #
-> VBG|NN
-> 16
-> Del
-> Fawcett
-> 50
State #19 "PRP"
initialWeight=0.0, finalWeight=0.0
#destinations=60
-> O
-> NNP
-> ,
-> CD
-> NNS
-> JJ
-> MD
-> VB
-> DT
-> NN
-> IN
-> .
-> VBZ
-> VBG
-> CC
-> VBD
-> VBN
-> RB
-> TO
-> PRP
-> RBR
-> WDT
-> VBP
-> PRP$
-> JJS
-> POS
-> ``
-> EX
-> ''
-> WP
-> :
-> JJR
-> WRB
-> RP
-> $
-> NNPS
-> WP$
-> 2
-> winter
-> (
-> )
-> PDT
-> RBS
-> FW
-> UH
-> McGraw-Hill
-> McGraw
-> 4
-> 8
-> Contra
-> SYM
-> Firestone
-> LS
-> 10th
-> #
-> VBG|NN
-> 16
-> Del
-> Fawcett
-> 50
State #20 "RBR"
initialWeight=0.0, finalWeight=0.0
#destinations=60
-> O
-> NNP
-> ,
-> CD
-> NNS
-> JJ
-> MD
-> VB
-> DT
-> NN
-> IN
-> .
-> VBZ
-> VBG
-> CC
-> VBD
-> VBN
-> RB
-> TO
-> PRP
-> RBR
-> WDT
-> VBP
-> PRP$
-> JJS
-> POS
-> ``
-> EX
-> ''
-> WP
-> :
-> JJR
-> WRB
-> RP
-> $
-> NNPS
-> WP$
-> 2
-> winter
-> (
-> )
-> PDT
-> RBS
-> FW
-> UH
-> McGraw-Hill
-> McGraw
-> 4
-> 8
-> Contra
-> SYM
-> Firestone
-> LS
-> 10th
-> #
-> VBG|NN
-> 16
-> Del
-> Fawcett
-> 50
State #21 "WDT"
initialWeight=0.0, finalWeight=0.0
#destinations=60
-> O
-> NNP
-> ,
-> CD
-> NNS
-> JJ
-> MD
-> VB
-> DT
-> NN
-> IN
-> .
-> VBZ
-> VBG
-> CC
-> VBD
-> VBN
-> RB
-> TO
-> PRP
-> RBR
-> WDT
-> VBP
-> PRP$
-> JJS
-> POS
-> ``
-> EX
-> ''
-> WP
-> :
-> JJR
-> WRB
-> RP
-> $
-> NNPS
-> WP$
-> 2
-> winter
-> (
-> )
-> PDT
-> RBS
-> FW
-> UH
-> McGraw-Hill
-> McGraw
-> 4
-> 8
-> Contra
-> SYM
-> Firestone
-> LS
-> 10th
-> #
-> VBG|NN
-> 16
-> Del
-> Fawcett
-> 50
State #22 "VBP"
initialWeight=0.0, finalWeight=0.0
#destinations=60
-> O
-> NNP
-> ,
-> CD
-> NNS
-> JJ
-> MD
-> VB
-> DT
-> NN
-> IN
-> .
-> VBZ
-> VBG
-> CC
-> VBD
-> VBN
-> RB
-> TO
-> PRP
-> RBR
-> WDT
-> VBP
-> PRP$
-> JJS
-> POS
-> ``
-> EX
-> ''
-> WP
-> :
-> JJR
-> WRB
-> RP
-> $
-> NNPS
-> WP$
-> 2
-> winter
-> (
-> )
-> PDT
-> RBS
-> FW
-> UH
-> McGraw-Hill
-> McGraw
-> 4
-> 8
-> Contra
-> SYM
-> Firestone
-> LS
-> 10th
-> #
-> VBG|NN
-> 16
-> Del
-> Fawcett
-> 50
State #23 "PRP$"
initialWeight=0.0, finalWeight=0.0
#destinations=60
-> O
-> NNP
-> ,
-> CD
-> NNS
-> JJ
-> MD
-> VB
-> DT
-> NN
-> IN
-> .
-> VBZ
-> VBG
-> CC
-> VBD
-> VBN
-> RB
-> TO
-> PRP
-> RBR
-> WDT
-> VBP
-> PRP$
-> JJS
-> POS
-> ``
-> EX
-> ''
-> WP
-> :
-> JJR
-> WRB
-> RP
-> $
-> NNPS
-> WP$
-> 2
-> winter
-> (
-> )
-> PDT
-> RBS
-> FW
-> UH
-> McGraw-Hill
-> McGraw
-> 4
-> 8
-> Contra
-> SYM
-> Firestone
-> LS
-> 10th
-> #
-> VBG|NN
-> 16
-> Del
-> Fawcett
-> 50
State #24 "JJS"
initialWeight=0.0, finalWeight=0.0
#destinations=60
-> O
-> NNP
-> ,
-> CD
-> NNS
-> JJ
-> MD
-> VB
-> DT
-> NN
-> IN
-> .
-> VBZ
-> VBG
-> CC
-> VBD
-> VBN
-> RB
-> TO
-> PRP
-> RBR
-> WDT
-> VBP
-> PRP$
-> JJS
-> POS
-> ``
-> EX
-> ''
-> WP
-> :
-> JJR
-> WRB
-> RP
-> $
-> NNPS
-> WP$
-> 2
-> winter
-> (
-> )
-> PDT
-> RBS
-> FW
-> UH
-> McGraw-Hill
-> McGraw
-> 4
-> 8
-> Contra
-> SYM
-> Firestone
-> LS
-> 10th
-> #
-> VBG|NN
-> 16
-> Del
-> Fawcett
-> 50
State #25 "POS"
initialWeight=0.0, finalWeight=0.0
#destinations=60
-> O
-> NNP
-> ,
-> CD
-> NNS
-> JJ
-> MD
-> VB
-> DT
-> NN
-> IN
-> .
-> VBZ
-> VBG
-> CC
-> VBD
-> VBN
-> RB
-> TO
-> PRP
-> RBR
-> WDT
-> VBP
-> PRP$
-> JJS
-> POS
-> ``
-> EX
-> ''
-> WP
-> :
-> JJR
-> WRB
-> RP
-> $
-> NNPS
-> WP$
-> 2
-> winter
-> (
-> )
-> PDT
-> RBS
-> FW
-> UH
-> McGraw-Hill
-> McGraw
-> 4
-> 8
-> Contra
-> SYM
-> Firestone
-> LS
-> 10th
-> #
-> VBG|NN
-> 16
-> Del
-> Fawcett
-> 50
State #26 "``"
initialWeight=0.0, finalWeight=0.0
#destinations=60
-> O
-> NNP
-> ,
-> CD
-> NNS
-> JJ
-> MD
-> VB
-> DT
-> NN
-> IN
-> .
-> VBZ
-> VBG
-> CC
-> VBD
-> VBN
-> RB
-> TO
-> PRP
-> RBR
-> WDT
-> VBP
-> PRP$
-> JJS
-> POS
-> ``
-> EX
-> ''
-> WP
-> :
-> JJR
-> WRB
-> RP
-> $
-> NNPS
-> WP$
-> 2
-> winter
-> (
-> )
-> PDT
-> RBS
-> FW
-> UH
-> McGraw-Hill
-> McGraw
-> 4
-> 8
-> Contra
-> SYM
-> Firestone
-> LS
-> 10th
-> #
-> VBG|NN
-> 16
-> Del
-> Fawcett
-> 50
State #27 "EX"
initialWeight=0.0, finalWeight=0.0
#destinations=60
-> O
-> NNP
-> ,
-> CD
-> NNS
-> JJ
-> MD
-> VB
-> DT
-> NN
-> IN
-> .
-> VBZ
-> VBG
-> CC
-> VBD
-> VBN
-> RB
-> TO
-> PRP
-> RBR
-> WDT
-> VBP
-> PRP$
-> JJS
-> POS
-> ``
-> EX
-> ''
-> WP
-> :
-> JJR
-> WRB
-> RP
-> $
-> NNPS
-> WP$
-> 2
-> winter
-> (
-> )
-> PDT
-> RBS
-> FW
-> UH
-> McGraw-Hill
-> McGraw
-> 4
-> 8
-> Contra
-> SYM
-> Firestone
-> LS
-> 10th
-> #
-> VBG|NN
-> 16
-> Del
-> Fawcett
-> 50
State #28 "''"
initialWeight=0.0, finalWeight=0.0
#destinations=60
-> O
-> NNP
-> ,
-> CD
-> NNS
-> JJ
-> MD
-> VB
-> DT
-> NN
-> IN
-> .
-> VBZ
-> VBG
-> CC
-> VBD
-> VBN
-> RB
-> TO
-> PRP
-> RBR
-> WDT
-> VBP
-> PRP$
-> JJS
-> POS
-> ``
-> EX
-> ''
-> WP
-> :
-> JJR
-> WRB
-> RP
-> $
-> NNPS
-> WP$
-> 2
-> winter
-> (
-> )
-> PDT
-> RBS
-> FW
-> UH
-> McGraw-Hill
-> McGraw
-> 4
-> 8
-> Contra
-> SYM
-> Firestone
-> LS
-> 10th
-> #
-> VBG|NN
-> 16
-> Del
-> Fawcett
-> 50
State #29 "WP"
initialWeight=0.0, finalWeight=0.0
#destinations=60
-> O
-> NNP
-> ,
-> CD
-> NNS
-> JJ
-> MD
-> VB
-> DT
-> NN
-> IN
-> .
-> VBZ
-> VBG
-> CC
-> VBD
-> VBN
-> RB
-> TO
-> PRP
-> RBR
-> WDT
-> VBP
-> PRP$
-> JJS
-> POS
-> ``
-> EX
-> ''
-> WP
-> :
-> JJR
-> WRB
-> RP
-> $
-> NNPS
-> WP$
-> 2
-> winter
-> (
-> )
-> PDT
-> RBS
-> FW
-> UH
-> McGraw-Hill
-> McGraw
-> 4
-> 8
-> Contra
-> SYM
-> Firestone
-> LS
-> 10th
-> #
-> VBG|NN
-> 16
-> Del
-> Fawcett
-> 50
State #30 ":"
initialWeight=0.0, finalWeight=0.0
#destinations=60
-> O
-> NNP
-> ,
-> CD
-> NNS
-> JJ
-> MD
-> VB
-> DT
-> NN
-> IN
-> .
-> VBZ
-> VBG
-> CC
-> VBD
-> VBN
-> RB
-> TO
-> PRP
-> RBR
-> WDT
-> VBP
-> PRP$
-> JJS
-> POS
-> ``
-> EX
-> ''
-> WP
-> :
-> JJR
-> WRB
-> RP
-> $
-> NNPS
-> WP$
-> 2
-> winter
-> (
-> )
-> PDT
-> RBS
-> FW
-> UH
-> McGraw-Hill
-> McGraw
-> 4
-> 8
-> Contra
-> SYM
-> Firestone
-> LS
-> 10th
-> #
-> VBG|NN
-> 16
-> Del
-> Fawcett
-> 50
State #31 "JJR"
initialWeight=0.0, finalWeight=0.0
#destinations=60
-> O
-> NNP
-> ,
-> CD
-> NNS
-> JJ
-> MD
-> VB
-> DT
-> NN
-> IN
-> .
-> VBZ
-> VBG
-> CC
-> VBD
-> VBN
-> RB
-> TO
-> PRP
-> RBR
-> WDT
-> VBP
-> PRP$
-> JJS
-> POS
-> ``
-> EX
-> ''
-> WP
-> :
-> JJR
-> WRB
-> RP
-> $
-> NNPS
-> WP$
-> 2
-> winter
-> (
-> )
-> PDT
-> RBS
-> FW
-> UH
-> McGraw-Hill
-> McGraw
-> 4
-> 8
-> Contra
-> SYM
-> Firestone
-> LS
-> 10th
-> #
-> VBG|NN
-> 16
-> Del
-> Fawcett
-> 50
State #32 "WRB"
initialWeight=0.0, finalWeight=0.0
#destinations=60
-> O
-> NNP
-> ,
-> CD
-> NNS
-> JJ
-> MD
-> VB
-> DT
-> NN
-> IN
-> .
-> VBZ
-> VBG
-> CC
-> VBD
-> VBN
-> RB
-> TO
-> PRP
-> RBR
-> WDT
-> VBP
-> PRP$
-> JJS
-> POS
-> ``
-> EX
-> ''
-> WP
-> :
-> JJR
-> WRB
-> RP
-> $
-> NNPS
-> WP$
-> 2
-> winter
-> (
-> )
-> PDT
-> RBS
-> FW
-> UH
-> McGraw-Hill
-> McGraw
-> 4
-> 8
-> Contra
-> SYM
-> Firestone
-> LS
-> 10th
-> #
-> VBG|NN
-> 16
-> Del
-> Fawcett
-> 50
State #33 "RP"
initialWeight=0.0, finalWeight=0.0
#destinations=60
-> O
-> NNP
-> ,
-> CD
-> NNS
-> JJ
-> MD
-> VB
-> DT
-> NN
-> IN
-> .
-> VBZ
-> VBG
-> CC
-> VBD
-> VBN
-> RB
-> TO
-> PRP
-> RBR
-> WDT
-> VBP
-> PRP$
-> JJS
-> POS
-> ``
-> EX
-> ''
-> WP
-> :
-> JJR
-> WRB
-> RP
-> $
-> NNPS
-> WP$
-> 2
-> winter
-> (
-> )
-> PDT
-> RBS
-> FW
-> UH
-> McGraw-Hill
-> McGraw
-> 4
-> 8
-> Contra
-> SYM
-> Firestone
-> LS
-> 10th
-> #
-> VBG|NN
-> 16
-> Del
-> Fawcett
-> 50
State #34 "$"
initialWeight=0.0, finalWeight=0.0
#destinations=60
-> O
-> NNP
-> ,
-> CD
-> NNS
-> JJ
-> MD
-> VB
-> DT
-> NN
-> IN
-> .
-> VBZ
-> VBG
-> CC
-> VBD
-> VBN
-> RB
-> TO
-> PRP
-> RBR
-> WDT
-> VBP
-> PRP$
-> JJS
-> POS
-> ``
-> EX
-> ''
-> WP
-> :
-> JJR
-> WRB
-> RP
-> $
-> NNPS
-> WP$
-> 2
-> winter
-> (
-> )
-> PDT
-> RBS
-> FW
-> UH
-> McGraw-Hill
-> McGraw
-> 4
-> 8
-> Contra
-> SYM
-> Firestone
-> LS
-> 10th
-> #
-> VBG|NN
-> 16
-> Del
-> Fawcett
-> 50
State #35 "NNPS"
initialWeight=0.0, finalWeight=0.0
#destinations=60
-> O
-> NNP
-> ,
-> CD
-> NNS
-> JJ
-> MD
-> VB
-> DT
-> NN
-> IN
-> .
-> VBZ
-> VBG
-> CC
-> VBD
-> VBN
-> RB
-> TO
-> PRP
-> RBR
-> WDT
-> VBP
-> PRP$
-> JJS
-> POS
-> ``
-> EX
-> ''
-> WP
-> :
-> JJR
-> WRB
-> RP
-> $
-> NNPS
-> WP$
-> 2
-> winter
-> (
-> )
-> PDT
-> RBS
-> FW
-> UH
-> McGraw-Hill
-> McGraw
-> 4
-> 8
-> Contra
-> SYM
-> Firestone
-> LS
-> 10th
-> #
-> VBG|NN
-> 16
-> Del
-> Fawcett
-> 50
State #36 "WP$"
initialWeight=0.0, finalWeight=0.0
#destinations=60
-> O
-> NNP
-> ,
-> CD
-> NNS
-> JJ
-> MD
-> VB
-> DT
-> NN
-> IN
-> .
-> VBZ
-> VBG
-> CC
-> VBD
-> VBN
-> RB
-> TO
-> PRP
-> RBR
-> WDT
-> VBP
-> PRP$
-> JJS
-> POS
-> ``
-> EX
-> ''
-> WP
-> :
-> JJR
-> WRB
-> RP
-> $
-> NNPS
-> WP$
-> 2
-> winter
-> (
-> )
-> PDT
-> RBS
-> FW
-> UH
-> McGraw-Hill
-> McGraw
-> 4
-> 8
-> Contra
-> SYM
-> Firestone
-> LS
-> 10th
-> #
-> VBG|NN
-> 16
-> Del
-> Fawcett
-> 50
State #37 "2"
initialWeight=0.0, finalWeight=0.0
#destinations=60
-> O
-> NNP
-> ,
-> CD
-> NNS
-> JJ
-> MD
-> VB
-> DT
-> NN
-> IN
-> .
-> VBZ
-> VBG
-> CC
-> VBD
-> VBN
-> RB
-> TO
-> PRP
-> RBR
-> WDT
-> VBP
-> PRP$
-> JJS
-> POS
-> ``
-> EX
-> ''
-> WP
-> :
-> JJR
-> WRB
-> RP
-> $
-> NNPS
-> WP$
-> 2
-> winter
-> (
-> )
-> PDT
-> RBS
-> FW
-> UH
-> McGraw-Hill
-> McGraw
-> 4
-> 8
-> Contra
-> SYM
-> Firestone
-> LS
-> 10th
-> #
-> VBG|NN
-> 16
-> Del
-> Fawcett
-> 50
State #38 "winter"
initialWeight=0.0, finalWeight=0.0
#destinations=60
-> O
-> NNP
-> ,
-> CD
-> NNS
-> JJ
-> MD
-> VB
-> DT
-> NN
-> IN
-> .
-> VBZ
-> VBG
-> CC
-> VBD
-> VBN
-> RB
-> TO
-> PRP
-> RBR
-> WDT
-> VBP
-> PRP$
-> JJS
-> POS
-> ``
-> EX
-> ''
-> WP
-> :
-> JJR
-> WRB
-> RP
-> $
-> NNPS
-> WP$
-> 2
-> winter
-> (
-> )
-> PDT
-> RBS
-> FW
-> UH
-> McGraw-Hill
-> McGraw
-> 4
-> 8
-> Contra
-> SYM
-> Firestone
-> LS
-> 10th
-> #
-> VBG|NN
-> 16
-> Del
-> Fawcett
-> 50
State #39 "("
initialWeight=0.0, finalWeight=0.0
#destinations=60
-> O
-> NNP
-> ,
-> CD
-> NNS
-> JJ
-> MD
-> VB
-> DT
-> NN
-> IN
-> .
-> VBZ
-> VBG
-> CC
-> VBD
-> VBN
-> RB
-> TO
-> PRP
-> RBR
-> WDT
-> VBP
-> PRP$
-> JJS
-> POS
-> ``
-> EX
-> ''
-> WP
-> :
-> JJR
-> WRB
-> RP
-> $
-> NNPS
-> WP$
-> 2
-> winter
-> (
-> )
-> PDT
-> RBS
-> FW
-> UH
-> McGraw-Hill
-> McGraw
-> 4
-> 8
-> Contra
-> SYM
-> Firestone
-> LS
-> 10th
-> #
-> VBG|NN
-> 16
-> Del
-> Fawcett
-> 50
State #40 ")"
initialWeight=0.0, finalWeight=0.0
#destinations=60
-> O
-> NNP
-> ,
-> CD
-> NNS
-> JJ
-> MD
-> VB
-> DT
-> NN
-> IN
-> .
-> VBZ
-> VBG
-> CC
-> VBD
-> VBN
-> RB
-> TO
-> PRP
-> RBR
-> WDT
-> VBP
-> PRP$
-> JJS
-> POS
-> ``
-> EX
-> ''
-> WP
-> :
-> JJR
-> WRB
-> RP
-> $
-> NNPS
-> WP$
-> 2
-> winter
-> (
-> )
-> PDT
-> RBS
-> FW
-> UH
-> McGraw-Hill
-> McGraw
-> 4
-> 8
-> Contra
-> SYM
-> Firestone
-> LS
-> 10th
-> #
-> VBG|NN
-> 16
-> Del
-> Fawcett
-> 50
State #41 "PDT"
initialWeight=0.0, finalWeight=0.0
#destinations=60
-> O
-> NNP
-> ,
-> CD
-> NNS
-> JJ
-> MD
-> VB
-> DT
-> NN
-> IN
-> .
-> VBZ
-> VBG
-> CC
-> VBD
-> VBN
-> RB
-> TO
-> PRP
-> RBR
-> WDT
-> VBP
-> PRP$
-> JJS
-> POS
-> ``
-> EX
-> ''
-> WP
-> :
-> JJR
-> WRB
-> RP
-> $
-> NNPS
-> WP$
-> 2
-> winter
-> (
-> )
-> PDT
-> RBS
-> FW
-> UH
-> McGraw-Hill
-> McGraw
-> 4
-> 8
-> Contra
-> SYM
-> Firestone
-> LS
-> 10th
-> #
-> VBG|NN
-> 16
-> Del
-> Fawcett
-> 50
State #42 "RBS"
initialWeight=0.0, finalWeight=0.0
#destinations=60
-> O
-> NNP
-> ,
-> CD
-> NNS
-> JJ
-> MD
-> VB
-> DT
-> NN
-> IN
-> .
-> VBZ
-> VBG
-> CC
-> VBD
-> VBN
-> RB
-> TO
-> PRP
-> RBR
-> WDT
-> VBP
-> PRP$
-> JJS
-> POS
-> ``
-> EX
-> ''
-> WP
-> :
-> JJR
-> WRB
-> RP
-> $
-> NNPS
-> WP$
-> 2
-> winter
-> (
-> )
-> PDT
-> RBS
-> FW
-> UH
-> McGraw-Hill
-> McGraw
-> 4
-> 8
-> Contra
-> SYM
-> Firestone
-> LS
-> 10th
-> #
-> VBG|NN
-> 16
-> Del
-> Fawcett
-> 50
State #43 "FW"
initialWeight=0.0, finalWeight=0.0
#destinations=60
-> O
-> NNP
-> ,
-> CD
-> NNS
-> JJ
-> MD
-> VB
-> DT
-> NN
-> IN
-> .
-> VBZ
-> VBG
-> CC
-> VBD
-> VBN
-> RB
-> TO
-> PRP
-> RBR
-> WDT
-> VBP
-> PRP$
-> JJS
-> POS
-> ``
-> EX
-> ''
-> WP
-> :
-> JJR
-> WRB
-> RP
-> $
-> NNPS
-> WP$
-> 2
-> winter
-> (
-> )
-> PDT
-> RBS
-> FW
-> UH
-> McGraw-Hill
-> McGraw
-> 4
-> 8
-> Contra
-> SYM
-> Firestone
-> LS
-> 10th
-> #
-> VBG|NN
-> 16
-> Del
-> Fawcett
-> 50
State #44 "UH"
initialWeight=0.0, finalWeight=0.0
#destinations=60
-> O
-> NNP
-> ,
-> CD
-> NNS
-> JJ
-> MD
-> VB
-> DT
-> NN
-> IN
-> .
-> VBZ
-> VBG
-> CC
-> VBD
-> VBN
-> RB
-> TO
-> PRP
-> RBR
-> WDT
-> VBP
-> PRP$
-> JJS
-> POS
-> ``
-> EX
-> ''
-> WP
-> :
-> JJR
-> WRB
-> RP
-> $
-> NNPS
-> WP$
-> 2
-> winter
-> (
-> )
-> PDT
-> RBS
-> FW
-> UH
-> McGraw-Hill
-> McGraw
-> 4
-> 8
-> Contra
-> SYM
-> Firestone
-> LS
-> 10th
-> #
-> VBG|NN
-> 16
-> Del
-> Fawcett
-> 50
State #45 "McGraw-Hill"
initialWeight=0.0, finalWeight=0.0
#destinations=60
-> O
-> NNP
-> ,
-> CD
-> NNS
-> JJ
-> MD
-> VB
-> DT
-> NN
-> IN
-> .
-> VBZ
-> VBG
-> CC
-> VBD
-> VBN
-> RB
-> TO
-> PRP
-> RBR
-> WDT
-> VBP
-> PRP$
-> JJS
-> POS
-> ``
-> EX
-> ''
-> WP
-> :
-> JJR
-> WRB
-> RP
-> $
-> NNPS
-> WP$
-> 2
-> winter
-> (
-> )
-> PDT
-> RBS
-> FW
-> UH
-> McGraw-Hill
-> McGraw
-> 4
-> 8
-> Contra
-> SYM
-> Firestone
-> LS
-> 10th
-> #
-> VBG|NN
-> 16
-> Del
-> Fawcett
-> 50
State #46 "McGraw"
initialWeight=0.0, finalWeight=0.0
#destinations=60
-> O
-> NNP
-> ,
-> CD
-> NNS
-> JJ
-> MD
-> VB
-> DT
-> NN
-> IN
-> .
-> VBZ
-> VBG
-> CC
-> VBD
-> VBN
-> RB
-> TO
-> PRP
-> RBR
-> WDT
-> VBP
-> PRP$
-> JJS
-> POS
-> ``
-> EX
-> ''
-> WP
-> :
-> JJR
-> WRB
-> RP
-> $
-> NNPS
-> WP$
-> 2
-> winter
-> (
-> )
-> PDT
-> RBS
-> FW
-> UH
-> McGraw-Hill
-> McGraw
-> 4
-> 8
-> Contra
-> SYM
-> Firestone
-> LS
-> 10th
-> #
-> VBG|NN
-> 16
-> Del
-> Fawcett
-> 50
State #47 "4"
initialWeight=0.0, finalWeight=0.0
#destinations=60
-> O
-> NNP
-> ,
-> CD
-> NNS
-> JJ
-> MD
-> VB
-> DT
-> NN
-> IN
-> .
-> VBZ
-> VBG
-> CC
-> VBD
-> VBN
-> RB
-> TO
-> PRP
-> RBR
-> WDT
-> VBP
-> PRP$
-> JJS
-> POS
-> ``
-> EX
-> ''
-> WP
-> :
-> JJR
-> WRB
-> RP
-> $
-> NNPS
-> WP$
-> 2
-> winter
-> (
-> )
-> PDT
-> RBS
-> FW
-> UH
-> McGraw-Hill
-> McGraw
-> 4
-> 8
-> Contra
-> SYM
-> Firestone
-> LS
-> 10th
-> #
-> VBG|NN
-> 16
-> Del
-> Fawcett
-> 50
State #48 "8"
initialWeight=0.0, finalWeight=0.0
#destinations=60
-> O
-> NNP
-> ,
-> CD
-> NNS
-> JJ
-> MD
-> VB
-> DT
-> NN
-> IN
-> .
-> VBZ
-> VBG
-> CC
-> VBD
-> VBN
-> RB
-> TO
-> PRP
-> RBR
-> WDT
-> VBP
-> PRP$
-> JJS
-> POS
-> ``
-> EX
-> ''
-> WP
-> :
-> JJR
-> WRB
-> RP
-> $
-> NNPS
-> WP$
-> 2
-> winter
-> (
-> )
-> PDT
-> RBS
-> FW
-> UH
-> McGraw-Hill
-> McGraw
-> 4
-> 8
-> Contra
-> SYM
-> Firestone
-> LS
-> 10th
-> #
-> VBG|NN
-> 16
-> Del
-> Fawcett
-> 50
State #49 "Contra"
initialWeight=0.0, finalWeight=0.0
#destinations=60
-> O
-> NNP
-> ,
-> CD
-> NNS
-> JJ
-> MD
-> VB
-> DT
-> NN
-> IN
-> .
-> VBZ
-> VBG
-> CC
-> VBD
-> VBN
-> RB
-> TO
-> PRP
-> RBR
-> WDT
-> VBP
-> PRP$
-> JJS
-> POS
-> ``
-> EX
-> ''
-> WP
-> :
-> JJR
-> WRB
-> RP
-> $
-> NNPS
-> WP$
-> 2
-> winter
-> (
-> )
-> PDT
-> RBS
-> FW
-> UH
-> McGraw-Hill
-> McGraw
-> 4
-> 8
-> Contra
-> SYM
-> Firestone
-> LS
-> 10th
-> #
-> VBG|NN
-> 16
-> Del
-> Fawcett
-> 50
State #50 "SYM"
initialWeight=0.0, finalWeight=0.0
#destinations=60
-> O
-> NNP
-> ,
-> CD
-> NNS
-> JJ
-> MD
-> VB
-> DT
-> NN
-> IN
-> .
-> VBZ
-> VBG
-> CC
-> VBD
-> VBN
-> RB
-> TO
-> PRP
-> RBR
-> WDT
-> VBP
-> PRP$
-> JJS
-> POS
-> ``
-> EX
-> ''
-> WP
-> :
-> JJR
-> WRB
-> RP
-> $
-> NNPS
-> WP$
-> 2
-> winter
-> (
-> )
-> PDT
-> RBS
-> FW
-> UH
-> McGraw-Hill
-> McGraw
-> 4
-> 8
-> Contra
-> SYM
-> Firestone
-> LS
-> 10th
-> #
-> VBG|NN
-> 16
-> Del
-> Fawcett
-> 50
State #51 "Firestone"
initialWeight=0.0, finalWeight=0.0
#destinations=60
-> O
-> NNP
-> ,
-> CD
-> NNS
-> JJ
-> MD
-> VB
-> DT
-> NN
-> IN
-> .
-> VBZ
-> VBG
-> CC
-> VBD
-> VBN
-> RB
-> TO
-> PRP
-> RBR
-> WDT
-> VBP
-> PRP$
-> JJS
-> POS
-> ``
-> EX
-> ''
-> WP
-> :
-> JJR
-> WRB
-> RP
-> $
-> NNPS
-> WP$
-> 2
-> winter
-> (
-> )
-> PDT
-> RBS
-> FW
-> UH
-> McGraw-Hill
-> McGraw
-> 4
-> 8
-> Contra
-> SYM
-> Firestone
-> LS
-> 10th
-> #
-> VBG|NN
-> 16
-> Del
-> Fawcett
-> 50
State #52 "LS"
initialWeight=0.0, finalWeight=0.0
#destinations=60
-> O
-> NNP
-> ,
-> CD
-> NNS
-> JJ
-> MD
-> VB
-> DT
-> NN
-> IN
-> .
-> VBZ
-> VBG
-> CC
-> VBD
-> VBN
-> RB
-> TO
-> PRP
-> RBR
-> WDT
-> VBP
-> PRP$
-> JJS
-> POS
-> ``
-> EX
-> ''
-> WP
-> :
-> JJR
-> WRB
-> RP
-> $
-> NNPS
-> WP$
-> 2
-> winter
-> (
-> )
-> PDT
-> RBS
-> FW
-> UH
-> McGraw-Hill
-> McGraw
-> 4
-> 8
-> Contra
-> SYM
-> Firestone
-> LS
-> 10th
-> #
-> VBG|NN
-> 16
-> Del
-> Fawcett
-> 50
State #53 "10th"
initialWeight=0.0, finalWeight=0.0
#destinations=60
-> O
-> NNP
-> ,
-> CD
-> NNS
-> JJ
-> MD
-> VB
-> DT
-> NN
-> IN
-> .
-> VBZ
-> VBG
-> CC
-> VBD
-> VBN
-> RB
-> TO
-> PRP
-> RBR
-> WDT
-> VBP
-> PRP$
-> JJS
-> POS
-> ``
-> EX
-> ''
-> WP
-> :
-> JJR
-> WRB
-> RP
-> $
-> NNPS
-> WP$
-> 2
-> winter
-> (
-> )
-> PDT
-> RBS
-> FW
-> UH
-> McGraw-Hill
-> McGraw
-> 4
-> 8
-> Contra
-> SYM
-> Firestone
-> LS
-> 10th
-> #
-> VBG|NN
-> 16
-> Del
-> Fawcett
-> 50
State #54 "#"
initialWeight=0.0, finalWeight=0.0
#destinations=60
-> O
-> NNP
-> ,
-> CD
-> NNS
-> JJ
-> MD
-> VB
-> DT
-> NN
-> IN
-> .
-> VBZ
-> VBG
-> CC
-> VBD
-> VBN
-> RB
-> TO
-> PRP
-> RBR
-> WDT
-> VBP
-> PRP$
-> JJS
-> POS
-> ``
-> EX
-> ''
-> WP
-> :
-> JJR
-> WRB
-> RP
-> $
-> NNPS
-> WP$
-> 2
-> winter
-> (
-> )
-> PDT
-> RBS
-> FW
-> UH
-> McGraw-Hill
-> McGraw
-> 4
-> 8
-> Contra
-> SYM
-> Firestone
-> LS
-> 10th
-> #
-> VBG|NN
-> 16
-> Del
-> Fawcett
-> 50
State #55 "VBG|NN"
initialWeight=0.0, finalWeight=0.0
#destinations=60
-> O
-> NNP
-> ,
-> CD
-> NNS
-> JJ
-> MD
-> VB
-> DT
-> NN
-> IN
-> .
-> VBZ
-> VBG
-> CC
-> VBD
-> VBN
-> RB
-> TO
-> PRP
-> RBR
-> WDT
-> VBP
-> PRP$
-> JJS
-> POS
-> ``
-> EX
-> ''
-> WP
-> :
-> JJR
-> WRB
-> RP
-> $
-> NNPS
-> WP$
-> 2
-> winter
-> (
-> )
-> PDT
-> RBS
-> FW
-> UH
-> McGraw-Hill
-> McGraw
-> 4
-> 8
-> Contra
-> SYM
-> Firestone
-> LS
-> 10th
-> #
-> VBG|NN
-> 16
-> Del
-> Fawcett
-> 50
State #56 "16"
initialWeight=0.0, finalWeight=0.0
#destinations=60
-> O
-> NNP
-> ,
-> CD
-> NNS
-> JJ
-> MD
-> VB
-> DT
-> NN
-> IN
-> .
-> VBZ
-> VBG
-> CC
-> VBD
-> VBN
-> RB
-> TO
-> PRP
-> RBR
-> WDT
-> VBP
-> PRP$
-> JJS
-> POS
-> ``
-> EX
-> ''
-> WP
-> :
-> JJR
-> WRB
-> RP
-> $
-> NNPS
-> WP$
-> 2
-> winter
-> (
-> )
-> PDT
-> RBS
-> FW
-> UH
-> McGraw-Hill
-> McGraw
-> 4
-> 8
-> Contra
-> SYM
-> Firestone
-> LS
-> 10th
-> #
-> VBG|NN
-> 16
-> Del
-> Fawcett
-> 50
State #57 "Del"
initialWeight=0.0, finalWeight=0.0
#destinations=60
-> O
-> NNP
-> ,
-> CD
-> NNS
-> JJ
-> MD
-> VB
-> DT
-> NN
-> IN
-> .
-> VBZ
-> VBG
-> CC
-> VBD
-> VBN
-> RB
-> TO
-> PRP
-> RBR
-> WDT
-> VBP
-> PRP$
-> JJS
-> POS
-> ``
-> EX
-> ''
-> WP
-> :
-> JJR
-> WRB
-> RP
-> $
-> NNPS
-> WP$
-> 2
-> winter
-> (
-> )
-> PDT
-> RBS
-> FW
-> UH
-> McGraw-Hill
-> McGraw
-> 4
-> 8
-> Contra
-> SYM
-> Firestone
-> LS
-> 10th
-> #
-> VBG|NN
-> 16
-> Del
-> Fawcett
-> 50
State #58 "Fawcett"
initialWeight=0.0, finalWeight=0.0
#destinations=60
-> O
-> NNP
-> ,
-> CD
-> NNS
-> JJ
-> MD
-> VB
-> DT
-> NN
-> IN
-> .
-> VBZ
-> VBG
-> CC
-> VBD
-> VBN
-> RB
-> TO
-> PRP
-> RBR
-> WDT
-> VBP
-> PRP$
-> JJS
-> POS
-> ``
-> EX
-> ''
-> WP
-> :
-> JJR
-> WRB
-> RP
-> $
-> NNPS
-> WP$
-> 2
-> winter
-> (
-> )
-> PDT
-> RBS
-> FW
-> UH
-> McGraw-Hill
-> McGraw
-> 4
-> 8
-> Contra
-> SYM
-> Firestone
-> LS
-> 10th
-> #
-> VBG|NN
-> 16
-> Del
-> Fawcett
-> 50
State #59 "50"
initialWeight=0.0, finalWeight=0.0
#destinations=60
-> O
-> NNP
-> ,
-> CD
-> NNS
-> JJ
-> MD
-> VB
-> DT
-> NN
-> IN
-> .
-> VBZ
-> VBG
-> CC
-> VBD
-> VBN
-> RB
-> TO
-> PRP
-> RBR
-> WDT
-> VBP
-> PRP$
-> JJS
-> POS
-> ``
-> EX
-> ''
-> WP
-> :
-> JJR
-> WRB
-> RP
-> $
-> NNPS
-> WP$
-> 2
-> winter
-> (
-> )
-> PDT
-> RBS
-> FW
-> UH
-> McGraw-Hill
-> McGraw
-> 4
-> 8
-> Contra
-> SYM
-> Firestone
-> LS
-> 10th
-> #
-> VBG|NN
-> 16
-> Del
-> Fawcett
-> 50
