000 (301.000.000) 03/27 03:14:50 Job submitted from host: <128.83.130.140:49830>
...
001 (301.000.000) 03/27 03:15:12 Job executing on host: <128.83.139.146:57495>
...
006 (301.000.000) 03/27 03:15:21 Image size of job updated: 10
	2  -  MemoryUsage of job (MB)
	2012  -  ResidentSetSize of job (KB)
...
006 (301.000.000) 03/27 03:20:21 Image size of job updated: 37035488
	8676  -  MemoryUsage of job (MB)
	8884008  -  ResidentSetSize of job (KB)
...
006 (301.000.000) 03/27 03:25:21 Image size of job updated: 37035488
	10333  -  MemoryUsage of job (MB)
	10580700  -  ResidentSetSize of job (KB)
...
006 (301.000.000) 03/27 03:30:22 Image size of job updated: 37035488
	10360  -  MemoryUsage of job (MB)
	10607704  -  ResidentSetSize of job (KB)
...
005 (301.000.000) 03/27 04:52:57 Job terminated.
	(1) Normal termination (return value 0)
		Usr 0 01:38:34, Sys 0 00:00:08  -  Run Remote Usage
		Usr 0 00:00:00, Sys 0 00:00:00  -  Run Local Usage
		Usr 0 01:38:34, Sys 0 00:00:08  -  Total Remote Usage
		Usr 0 00:00:00, Sys 0 00:00:00  -  Total Local Usage
	0  -  Run Bytes Sent By Job
	0  -  Run Bytes Received By Job
	0  -  Total Bytes Sent By Job
	0  -  Total Bytes Received By Job
	Partitionable Resources :    Usage  Request Allocated
	   Cpus                 :                 1         1
	   Disk (KB)            :       10       10   7537076
	   Gpus                 :                           0
	   Memory (MB)          :    10360        1      4027
...
