000 (295.000.000) 03/27 03:14:50 Job submitted from host: <128.83.130.140:49830>
...
001 (295.000.000) 03/27 03:15:11 Job executing on host: <128.83.144.168:42886>
...
006 (295.000.000) 03/27 03:15:20 Image size of job updated: 10
	2  -  MemoryUsage of job (MB)
	2020  -  ResidentSetSize of job (KB)
...
006 (295.000.000) 03/27 03:20:20 Image size of job updated: 37035488
	8542  -  MemoryUsage of job (MB)
	8746664  -  ResidentSetSize of job (KB)
...
006 (295.000.000) 03/27 03:25:20 Image size of job updated: 37035488
	10372  -  MemoryUsage of job (MB)
	10619952  -  ResidentSetSize of job (KB)
...
006 (295.000.000) 03/27 03:30:21 Image size of job updated: 37035488
	10392  -  MemoryUsage of job (MB)
	10640712  -  ResidentSetSize of job (KB)
...
005 (295.000.000) 03/27 03:48:00 Job terminated.
	(1) Normal termination (return value 0)
		Usr 0 00:33:08, Sys 0 00:00:04  -  Run Remote Usage
		Usr 0 00:00:00, Sys 0 00:00:00  -  Run Local Usage
		Usr 0 00:33:08, Sys 0 00:00:04  -  Total Remote Usage
		Usr 0 00:00:00, Sys 0 00:00:00  -  Total Local Usage
	0  -  Run Bytes Sent By Job
	0  -  Run Bytes Received By Job
	0  -  Total Bytes Sent By Job
	0  -  Total Bytes Received By Job
	Partitionable Resources :    Usage  Request Allocated
	   Cpus                 :                 1         1
	   Disk (KB)            :       10       10   7534438
	   Gpus                 :                           0
	   Memory (MB)          :    10392        1      4027
...
