000 (303.000.000) 03/27 03:14:50 Job submitted from host: <128.83.130.140:49830>
...
001 (303.000.000) 03/27 03:15:12 Job executing on host: <128.83.139.146:57495>
...
006 (303.000.000) 03/27 03:15:21 Image size of job updated: 35429172
	21  -  MemoryUsage of job (MB)
	21452  -  ResidentSetSize of job (KB)
...
006 (303.000.000) 03/27 03:20:21 Image size of job updated: 37035488
	8902  -  MemoryUsage of job (MB)
	9115464  -  ResidentSetSize of job (KB)
...
006 (303.000.000) 03/27 03:25:21 Image size of job updated: 37035488
	10273  -  MemoryUsage of job (MB)
	10518868  -  ResidentSetSize of job (KB)
...
006 (303.000.000) 03/27 03:30:22 Image size of job updated: 37035488
	10427  -  MemoryUsage of job (MB)
	10676440  -  ResidentSetSize of job (KB)
...
006 (303.000.000) 03/27 03:35:23 Image size of job updated: 37035488
	10433  -  MemoryUsage of job (MB)
	10682568  -  ResidentSetSize of job (KB)
...
005 (303.000.000) 03/27 05:10:59 Job terminated.
	(1) Normal termination (return value 0)
		Usr 0 01:57:41, Sys 0 00:00:18  -  Run Remote Usage
		Usr 0 00:00:00, Sys 0 00:00:00  -  Run Local Usage
		Usr 0 01:57:41, Sys 0 00:00:18  -  Total Remote Usage
		Usr 0 00:00:00, Sys 0 00:00:00  -  Total Local Usage
	0  -  Run Bytes Sent By Job
	0  -  Run Bytes Received By Job
	0  -  Total Bytes Sent By Job
	0  -  Total Bytes Received By Job
	Partitionable Resources :    Usage  Request Allocated
	   Cpus                 :                 1         1
	   Disk (KB)            :       10       10   7537076
	   Gpus                 :                           0
	   Memory (MB)          :    10433        1      4027
...
