000 (296.000.000) 03/27 03:14:50 Job submitted from host: <128.83.130.140:49830>
...
001 (296.000.000) 03/27 03:15:12 Job executing on host: <128.83.139.146:57495>
...
006 (296.000.000) 03/27 03:15:20 Image size of job updated: 37035488
	57  -  MemoryUsage of job (MB)
	58240  -  ResidentSetSize of job (KB)
...
006 (296.000.000) 03/27 03:20:20 Image size of job updated: 37035488
	8546  -  MemoryUsage of job (MB)
	8750888  -  ResidentSetSize of job (KB)
...
006 (296.000.000) 03/27 03:25:21 Image size of job updated: 37035488
	10397  -  MemoryUsage of job (MB)
	10645556  -  ResidentSetSize of job (KB)
...
005 (296.000.000) 03/27 03:58:26 Job terminated.
	(1) Normal termination (return value 0)
		Usr 0 00:43:13, Sys 0 00:00:05  -  Run Remote Usage
		Usr 0 00:00:00, Sys 0 00:00:00  -  Run Local Usage
		Usr 0 00:43:13, Sys 0 00:00:05  -  Total Remote Usage
		Usr 0 00:00:00, Sys 0 00:00:00  -  Total Local Usage
	0  -  Run Bytes Sent By Job
	0  -  Run Bytes Received By Job
	0  -  Total Bytes Sent By Job
	0  -  Total Bytes Received By Job
	Partitionable Resources :    Usage  Request Allocated
	   Cpus                 :                 1         1
	   Disk (KB)            :       10       10   7537076
	   Gpus                 :                           0
	   Memory (MB)          :    10397        1      4027
...
