000 (297.000.000) 03/27 03:14:50 Job submitted from host: <128.83.130.140:49830>
...
001 (297.000.000) 03/27 03:15:12 Job executing on host: <128.83.139.146:57495>
...
006 (297.000.000) 03/27 03:15:20 Image size of job updated: 37035488
	58  -  MemoryUsage of job (MB)
	59228  -  ResidentSetSize of job (KB)
...
006 (297.000.000) 03/27 03:20:20 Image size of job updated: 37035488
	8557  -  MemoryUsage of job (MB)
	8762096  -  ResidentSetSize of job (KB)
...
006 (297.000.000) 03/27 03:25:21 Image size of job updated: 37035488
	10367  -  MemoryUsage of job (MB)
	10615580  -  ResidentSetSize of job (KB)
...
005 (297.000.000) 03/27 04:04:51 Job terminated.
	(1) Normal termination (return value 0)
		Usr 0 00:49:39, Sys 0 00:00:06  -  Run Remote Usage
		Usr 0 00:00:00, Sys 0 00:00:00  -  Run Local Usage
		Usr 0 00:49:39, Sys 0 00:00:06  -  Total Remote Usage
		Usr 0 00:00:00, Sys 0 00:00:00  -  Total Local Usage
	0  -  Run Bytes Sent By Job
	0  -  Run Bytes Received By Job
	0  -  Total Bytes Sent By Job
	0  -  Total Bytes Received By Job
	Partitionable Resources :    Usage  Request Allocated
	   Cpus                 :                 1         1
	   Disk (KB)            :       10       10   7537076
	   Gpus                 :                           0
	   Memory (MB)          :    10367        1      4027
...
