000 (306.000.000) 03/27 03:14:50 Job submitted from host: <128.83.130.140:49830>
...
001 (306.000.000) 03/27 03:15:13 Job executing on host: <128.83.144.42:53829>
...
006 (306.000.000) 03/27 03:15:21 Image size of job updated: 37035488
	30  -  MemoryUsage of job (MB)
	29868  -  ResidentSetSize of job (KB)
...
006 (306.000.000) 03/27 03:20:21 Image size of job updated: 37035488
	10954  -  MemoryUsage of job (MB)
	11216788  -  ResidentSetSize of job (KB)
...
006 (306.000.000) 03/27 03:25:21 Image size of job updated: 37035488
	10978  -  MemoryUsage of job (MB)
	11241008  -  ResidentSetSize of job (KB)
...
006 (306.000.000) 03/27 03:30:22 Image size of job updated: 37035488
	10986  -  MemoryUsage of job (MB)
	11249136  -  ResidentSetSize of job (KB)
...
005 (306.000.000) 03/27 05:43:48 Job terminated.
	(1) Normal termination (return value 0)
		Usr 0 02:33:23, Sys 0 00:00:21  -  Run Remote Usage
		Usr 0 00:00:00, Sys 0 00:00:00  -  Run Local Usage
		Usr 0 02:33:23, Sys 0 00:00:21  -  Total Remote Usage
		Usr 0 00:00:00, Sys 0 00:00:00  -  Total Local Usage
	0  -  Run Bytes Sent By Job
	0  -  Run Bytes Received By Job
	0  -  Total Bytes Sent By Job
	0  -  Total Bytes Received By Job
	Partitionable Resources :    Usage  Request Allocated
	   Cpus                 :                 1         1
	   Disk (KB)            :       10       10   4689753
	   Gpus                 :                           0
	   Memory (MB)          :    10986        1      4027
...
