000 (307.000.000) 03/27 03:14:50 Job submitted from host: <128.83.130.140:49830>
...
001 (307.000.000) 03/27 03:15:13 Job executing on host: <128.83.144.42:53829>
...
006 (307.000.000) 03/27 03:15:22 Image size of job updated: 37035488
	37  -  MemoryUsage of job (MB)
	36868  -  ResidentSetSize of job (KB)
...
006 (307.000.000) 03/27 03:20:23 Image size of job updated: 37035488
	10452  -  MemoryUsage of job (MB)
	10702476  -  ResidentSetSize of job (KB)
...
006 (307.000.000) 03/27 03:25:24 Image size of job updated: 37035488
	10920  -  MemoryUsage of job (MB)
	11181724  -  ResidentSetSize of job (KB)
...
005 (307.000.000) 03/27 05:53:43 Job terminated.
	(1) Normal termination (return value 0)
		Usr 0 02:42:34, Sys 0 00:00:23  -  Run Remote Usage
		Usr 0 00:00:00, Sys 0 00:00:00  -  Run Local Usage
		Usr 0 02:42:34, Sys 0 00:00:23  -  Total Remote Usage
		Usr 0 00:00:00, Sys 0 00:00:00  -  Total Local Usage
	0  -  Run Bytes Sent By Job
	0  -  Run Bytes Received By Job
	0  -  Total Bytes Sent By Job
	0  -  Total Bytes Received By Job
	Partitionable Resources :    Usage  Request Allocated
	   Cpus                 :                 1         1
	   Disk (KB)            :       10       10   4689763
	   Gpus                 :                           0
	   Memory (MB)          :    10920        1      4027
...
