000 (329.000.000) 03/27 03:14:53 Job submitted from host: <128.83.130.140:49830>
...
001 (329.000.000) 03/27 03:15:13 Job executing on host: <128.83.144.155:33054>
...
006 (329.000.000) 03/27 03:15:21 Image size of job updated: 29536776
	874  -  MemoryUsage of job (MB)
	894860  -  ResidentSetSize of job (KB)
...
006 (329.000.000) 03/27 03:20:31 Image size of job updated: 29536776
	5993  -  MemoryUsage of job (MB)
	6135948  -  ResidentSetSize of job (KB)
...
010 (329.000.000) 03/27 03:20:47 Job was suspended.
	Number of processes actually suspended: 1
...
011 (329.000.000) 03/27 03:21:32 Job was unsuspended.
...
010 (329.000.000) 03/27 03:26:41 Job was suspended.
	Number of processes actually suspended: 1
...
011 (329.000.000) 03/27 03:26:56 Job was unsuspended.
...
006 (329.000.000) 03/27 03:30:22 Image size of job updated: 29536776
	6098  -  MemoryUsage of job (MB)
	6243512  -  ResidentSetSize of job (KB)
...
006 (329.000.000) 03/27 03:35:24 Image size of job updated: 29536776
	6342  -  MemoryUsage of job (MB)
	6493312  -  ResidentSetSize of job (KB)
...
006 (329.000.000) 03/27 03:40:23 Image size of job updated: 29536776
	6545  -  MemoryUsage of job (MB)
	6701588  -  ResidentSetSize of job (KB)
...
005 (329.000.000) 03/27 03:44:31 Job terminated.
	(1) Normal termination (return value 0)
		Usr 0 00:13:55, Sys 0 00:00:18  -  Run Remote Usage
		Usr 0 00:00:00, Sys 0 00:00:00  -  Run Local Usage
		Usr 0 00:13:55, Sys 0 00:00:18  -  Total Remote Usage
		Usr 0 00:00:00, Sys 0 00:00:00  -  Total Local Usage
	0  -  Run Bytes Sent By Job
	0  -  Run Bytes Received By Job
	0  -  Total Bytes Sent By Job
	0  -  Total Bytes Received By Job
	Partitionable Resources :    Usage  Request Allocated
	   Cpus                 :                 1         1
	   Disk (KB)            :       10       10   8863362
	   Gpus                 :                           0
	   Memory (MB)          :     6545        1      4028
...
