000 (330.000.000) 03/27 03:14:53 Job submitted from host: <128.83.130.140:49830>
...
001 (330.000.000) 03/27 03:15:13 Job executing on host: <128.83.144.155:33054>
...
006 (330.000.000) 03/27 03:15:21 Image size of job updated: 29536776
	853  -  MemoryUsage of job (MB)
	872924  -  ResidentSetSize of job (KB)
...
006 (330.000.000) 03/27 03:20:31 Image size of job updated: 29536776
	6297  -  MemoryUsage of job (MB)
	6447808  -  ResidentSetSize of job (KB)
...
010 (330.000.000) 03/27 03:20:47 Job was suspended.
	Number of processes actually suspended: 1
...
011 (330.000.000) 03/27 03:21:38 Job was unsuspended.
...
010 (330.000.000) 03/27 03:26:41 Job was suspended.
	Number of processes actually suspended: 1
...
006 (330.000.000) 03/27 03:26:41 Image size of job updated: 29536776
	6453  -  MemoryUsage of job (MB)
	6607464  -  ResidentSetSize of job (KB)
...
011 (330.000.000) 03/27 03:27:01 Job was unsuspended.
...
006 (330.000.000) 03/27 03:30:22 Image size of job updated: 29536776
	7770  -  MemoryUsage of job (MB)
	7956056  -  ResidentSetSize of job (KB)
...
006 (330.000.000) 03/27 03:35:22 Image size of job updated: 29536776
	7995  -  MemoryUsage of job (MB)
	8186192  -  ResidentSetSize of job (KB)
...
005 (330.000.000) 03/27 03:40:18 Job terminated.
	(1) Normal termination (return value 0)
		Usr 0 00:13:40, Sys 0 00:00:23  -  Run Remote Usage
		Usr 0 00:00:00, Sys 0 00:00:00  -  Run Local Usage
		Usr 0 00:13:40, Sys 0 00:00:23  -  Total Remote Usage
		Usr 0 00:00:00, Sys 0 00:00:00  -  Total Local Usage
	0  -  Run Bytes Sent By Job
	0  -  Run Bytes Received By Job
	0  -  Total Bytes Sent By Job
	0  -  Total Bytes Received By Job
	Partitionable Resources :    Usage  Request Allocated
	   Cpus                 :                 1         1
	   Disk (KB)            :       10       10   8863362
	   Gpus                 :                           0
	   Memory (MB)          :     7995        1      4028
...
