000 (325.000.000) 03/27 03:14:53 Job submitted from host: <128.83.130.140:49830>
...
001 (325.000.000) 03/27 03:15:13 Job executing on host: <128.83.144.42:53829>
...
006 (325.000.000) 03/27 03:15:22 Image size of job updated: 102608
	3  -  MemoryUsage of job (MB)
	2252  -  ResidentSetSize of job (KB)
...
006 (325.000.000) 03/27 03:20:22 Image size of job updated: 37035488
	2312  -  MemoryUsage of job (MB)
	2366896  -  ResidentSetSize of job (KB)
...
006 (325.000.000) 03/27 03:25:22 Image size of job updated: 37035488
	3068  -  MemoryUsage of job (MB)
	3140616  -  ResidentSetSize of job (KB)
...
005 (325.000.000) 03/27 03:26:08 Job terminated.
	(1) Normal termination (return value 0)
		Usr 0 00:11:05, Sys 0 00:00:03  -  Run Remote Usage
		Usr 0 00:00:00, Sys 0 00:00:00  -  Run Local Usage
		Usr 0 00:11:05, Sys 0 00:00:03  -  Total Remote Usage
		Usr 0 00:00:00, Sys 0 00:00:00  -  Total Local Usage
	0  -  Run Bytes Sent By Job
	0  -  Run Bytes Received By Job
	0  -  Total Bytes Sent By Job
	0  -  Total Bytes Received By Job
	Partitionable Resources :    Usage  Request Allocated
	   Cpus                 :                 1         1
	   Disk (KB)            :       10       10   4689753
	   Gpus                 :                           0
	   Memory (MB)          :     3068        1      4027
...
