000 (374.000.000) 03/27 03:15:04 Job submitted from host: <128.83.130.140:49830>
...
001 (374.000.000) 03/27 03:15:15 Job executing on host: <128.83.139.150:49921>
...
006 (374.000.000) 03/27 03:15:24 Image size of job updated: 37035492
	156  -  MemoryUsage of job (MB)
	159272  -  ResidentSetSize of job (KB)
...
006 (374.000.000) 03/27 03:20:25 Image size of job updated: 37035492
	8183  -  MemoryUsage of job (MB)
	8378624  -  ResidentSetSize of job (KB)
...
006 (374.000.000) 03/27 03:25:26 Image size of job updated: 37035492
	8416  -  MemoryUsage of job (MB)
	8617264  -  ResidentSetSize of job (KB)
...
006 (374.000.000) 03/27 03:30:26 Image size of job updated: 37035492
	10374  -  MemoryUsage of job (MB)
	10622048  -  ResidentSetSize of job (KB)
...
005 (374.000.000) 03/27 03:38:55 Job terminated.
	(1) Normal termination (return value 0)
		Usr 0 00:19:33, Sys 0 00:00:13  -  Run Remote Usage
		Usr 0 00:00:00, Sys 0 00:00:00  -  Run Local Usage
		Usr 0 00:19:33, Sys 0 00:00:13  -  Total Remote Usage
		Usr 0 00:00:00, Sys 0 00:00:00  -  Total Local Usage
	0  -  Run Bytes Sent By Job
	0  -  Run Bytes Received By Job
	0  -  Total Bytes Sent By Job
	0  -  Total Bytes Received By Job
	Partitionable Resources :    Usage  Request Allocated
	   Cpus                 :                 1         1
	   Disk (KB)            :       10       10   7541869
	   Gpus                 :                           0
	   Memory (MB)          :    10374        1      4027
...
