000 (381.000.000) 03/27 03:15:04 Job submitted from host: <128.83.130.140:49830>
...
001 (381.000.000) 03/27 03:15:16 Job executing on host: <128.83.139.150:49921>
...
006 (381.000.000) 03/27 03:15:25 Image size of job updated: 37035488
	167  -  MemoryUsage of job (MB)
	170276  -  ResidentSetSize of job (KB)
...
006 (381.000.000) 03/27 03:20:26 Image size of job updated: 37035488
	7952  -  MemoryUsage of job (MB)
	8141920  -  ResidentSetSize of job (KB)
...
006 (381.000.000) 03/27 03:25:26 Image size of job updated: 37035488
	8156  -  MemoryUsage of job (MB)
	8350956  -  ResidentSetSize of job (KB)
...
010 (381.000.000) 03/27 03:27:06 Job was suspended.
	Number of processes actually suspended: 1
...
006 (381.000.000) 03/27 03:27:06 Image size of job updated: 37035488
	9101  -  MemoryUsage of job (MB)
	9319248  -  ResidentSetSize of job (KB)
...
011 (381.000.000) 03/27 03:28:42 Job was unsuspended.
...
006 (381.000.000) 03/27 03:30:26 Image size of job updated: 37035488
	9739  -  MemoryUsage of job (MB)
	9972068  -  ResidentSetSize of job (KB)
...
010 (381.000.000) 03/27 03:33:22 Job was suspended.
	Number of processes actually suspended: 1
...
006 (381.000.000) 03/27 03:33:22 Image size of job updated: 37035488
	9782  -  MemoryUsage of job (MB)
	10016292  -  ResidentSetSize of job (KB)
...
011 (381.000.000) 03/27 03:33:54 Job was unsuspended.
...
006 (381.000.000) 03/27 03:35:27 Image size of job updated: 37035488
	10235  -  MemoryUsage of job (MB)
	10480564  -  ResidentSetSize of job (KB)
...
006 (381.000.000) 03/27 03:40:27 Image size of job updated: 37035488
	10324  -  MemoryUsage of job (MB)
	10571720  -  ResidentSetSize of job (KB)
...
005 (381.000.000) 03/27 04:37:00 Job terminated.
	(1) Normal termination (return value 0)
		Usr 0 01:12:36, Sys 0 00:00:39  -  Run Remote Usage
		Usr 0 00:00:00, Sys 0 00:00:00  -  Run Local Usage
		Usr 0 01:12:36, Sys 0 00:00:39  -  Total Remote Usage
		Usr 0 00:00:00, Sys 0 00:00:00  -  Total Local Usage
	0  -  Run Bytes Sent By Job
	0  -  Run Bytes Received By Job
	0  -  Total Bytes Sent By Job
	0  -  Total Bytes Received By Job
	Partitionable Resources :    Usage  Request Allocated
	   Cpus                 :                 1         1
	   Disk (KB)            :       10       10   7541869
	   Gpus                 :                           0
	   Memory (MB)          :    10324        1      4027
...
