000 (383.000.000) 03/27 03:15:04 Job submitted from host: <128.83.130.140:49830>
...
001 (383.000.000) 03/27 03:15:16 Job executing on host: <128.83.139.150:49921>
...
006 (383.000.000) 03/27 03:15:25 Image size of job updated: 37035488
	130  -  MemoryUsage of job (MB)
	132324  -  ResidentSetSize of job (KB)
...
006 (383.000.000) 03/27 03:20:26 Image size of job updated: 37035488
	8343  -  MemoryUsage of job (MB)
	8542288  -  ResidentSetSize of job (KB)
...
006 (383.000.000) 03/27 03:25:26 Image size of job updated: 37035488
	8618  -  MemoryUsage of job (MB)
	8824392  -  ResidentSetSize of job (KB)
...
010 (383.000.000) 03/27 03:27:01 Job was suspended.
	Number of processes actually suspended: 1
...
006 (383.000.000) 03/27 03:27:01 Image size of job updated: 37035488
	9227  -  MemoryUsage of job (MB)
	9447776  -  ResidentSetSize of job (KB)
...
011 (383.000.000) 03/27 03:28:53 Job was unsuspended.
...
010 (383.000.000) 03/27 03:33:16 Job was suspended.
	Number of processes actually suspended: 1
...
006 (383.000.000) 03/27 03:33:16 Image size of job updated: 37035488
	9380  -  MemoryUsage of job (MB)
	9605080  -  ResidentSetSize of job (KB)
...
011 (383.000.000) 03/27 03:34:24 Job was unsuspended.
...
006 (383.000.000) 03/27 03:35:27 Image size of job updated: 37035488
	9973  -  MemoryUsage of job (MB)
	10211768  -  ResidentSetSize of job (KB)
...
006 (383.000.000) 03/27 03:40:27 Image size of job updated: 37035488
	10246  -  MemoryUsage of job (MB)
	10491268  -  ResidentSetSize of job (KB)
...
006 (383.000.000) 03/27 03:45:27 Image size of job updated: 37035488
	10271  -  MemoryUsage of job (MB)
	10517340  -  ResidentSetSize of job (KB)
...
006 (383.000.000) 03/27 03:50:28 Image size of job updated: 37035488
	10317  -  MemoryUsage of job (MB)
	10564324  -  ResidentSetSize of job (KB)
...
005 (383.000.000) 03/27 04:59:17 Job terminated.
	(1) Normal termination (return value 0)
		Usr 0 01:35:09, Sys 0 00:00:43  -  Run Remote Usage
		Usr 0 00:00:00, Sys 0 00:00:00  -  Run Local Usage
		Usr 0 01:35:09, Sys 0 00:00:43  -  Total Remote Usage
		Usr 0 00:00:00, Sys 0 00:00:00  -  Total Local Usage
	0  -  Run Bytes Sent By Job
	0  -  Run Bytes Received By Job
	0  -  Total Bytes Sent By Job
	0  -  Total Bytes Received By Job
	Partitionable Resources :    Usage  Request Allocated
	   Cpus                 :                 1         1
	   Disk (KB)            :       10       10   7541869
	   Gpus                 :                           0
	   Memory (MB)          :    10317        1      4027
...
