000 (384.000.000) 03/27 03:15:04 Job submitted from host: <128.83.130.140:49830>
...
001 (384.000.000) 03/27 03:15:16 Job executing on host: <128.83.139.150:49921>
...
006 (384.000.000) 03/27 03:15:25 Image size of job updated: 37035488
	147  -  MemoryUsage of job (MB)
	150228  -  ResidentSetSize of job (KB)
...
006 (384.000.000) 03/27 03:20:26 Image size of job updated: 37035488
	8469  -  MemoryUsage of job (MB)
	8671376  -  ResidentSetSize of job (KB)
...
006 (384.000.000) 03/27 03:25:26 Image size of job updated: 37035488
	9604  -  MemoryUsage of job (MB)
	9833668  -  ResidentSetSize of job (KB)
...
010 (384.000.000) 03/27 03:26:55 Job was suspended.
	Number of processes actually suspended: 1
...
006 (384.000.000) 03/27 03:26:55 Image size of job updated: 37035488
	10182  -  MemoryUsage of job (MB)
	10425916  -  ResidentSetSize of job (KB)
...
011 (384.000.000) 03/27 03:28:56 Job was unsuspended.
...
010 (384.000.000) 03/27 03:33:11 Job was suspended.
	Number of processes actually suspended: 1
...
011 (384.000.000) 03/27 03:34:35 Job was unsuspended.
...
006 (384.000.000) 03/27 03:40:28 Image size of job updated: 37035488
	10298  -  MemoryUsage of job (MB)
	10545124  -  ResidentSetSize of job (KB)
...
006 (384.000.000) 03/27 03:45:29 Image size of job updated: 37035488
	10319  -  MemoryUsage of job (MB)
	10566388  -  ResidentSetSize of job (KB)
...
005 (384.000.000) 03/27 05:20:01 Job terminated.
	(1) Normal termination (return value 0)
		Usr 0 01:58:50, Sys 0 00:00:40  -  Run Remote Usage
		Usr 0 00:00:00, Sys 0 00:00:00  -  Run Local Usage
		Usr 0 01:58:50, Sys 0 00:00:40  -  Total Remote Usage
		Usr 0 00:00:00, Sys 0 00:00:00  -  Total Local Usage
	0  -  Run Bytes Sent By Job
	0  -  Run Bytes Received By Job
	0  -  Total Bytes Sent By Job
	0  -  Total Bytes Received By Job
	Partitionable Resources :    Usage  Request Allocated
	   Cpus                 :                 1         1
	   Disk (KB)            :       10       10   7541869
	   Gpus                 :                           0
	   Memory (MB)          :    10319        1      4027
...
