000 (376.000.000) 03/27 03:15:04 Job submitted from host: <128.83.130.140:49830>
...
001 (376.000.000) 03/27 03:15:16 Job executing on host: <128.83.139.150:49921>
...
006 (376.000.000) 03/27 03:15:25 Image size of job updated: 37035488
	184  -  MemoryUsage of job (MB)
	187420  -  ResidentSetSize of job (KB)
...
006 (376.000.000) 03/27 03:20:26 Image size of job updated: 37035488
	8325  -  MemoryUsage of job (MB)
	8524056  -  ResidentSetSize of job (KB)
...
006 (376.000.000) 03/27 03:25:27 Image size of job updated: 37035488
	8848  -  MemoryUsage of job (MB)
	9060008  -  ResidentSetSize of job (KB)
...
006 (376.000.000) 03/27 03:30:27 Image size of job updated: 37035488
	10371  -  MemoryUsage of job (MB)
	10619728  -  ResidentSetSize of job (KB)
...
006 (376.000.000) 03/27 03:40:28 Image size of job updated: 37035488
	10496  -  MemoryUsage of job (MB)
	10747132  -  ResidentSetSize of job (KB)
...
006 (376.000.000) 03/27 03:45:28 Image size of job updated: 37035488
	10510  -  MemoryUsage of job (MB)
	10761428  -  ResidentSetSize of job (KB)
...
005 (376.000.000) 03/27 03:49:55 Job terminated.
	(1) Normal termination (return value 0)
		Usr 0 00:30:57, Sys 0 00:00:29  -  Run Remote Usage
		Usr 0 00:00:00, Sys 0 00:00:00  -  Run Local Usage
		Usr 0 00:30:57, Sys 0 00:00:29  -  Total Remote Usage
		Usr 0 00:00:00, Sys 0 00:00:00  -  Total Local Usage
	0  -  Run Bytes Sent By Job
	0  -  Run Bytes Received By Job
	0  -  Total Bytes Sent By Job
	0  -  Total Bytes Received By Job
	Partitionable Resources :    Usage  Request Allocated
	   Cpus                 :                 1         1
	   Disk (KB)            :       10       10   7541869
	   Gpus                 :                           0
	   Memory (MB)          :    10510        1      4027
...
