000 (378.000.000) 03/27 03:15:04 Job submitted from host: <128.83.130.140:49830>
...
001 (378.000.000) 03/27 03:15:16 Job executing on host: <128.83.139.150:49921>
...
006 (378.000.000) 03/27 03:15:25 Image size of job updated: 37035488
	207  -  MemoryUsage of job (MB)
	211460  -  ResidentSetSize of job (KB)
...
006 (378.000.000) 03/27 03:20:26 Image size of job updated: 37035488
	8211  -  MemoryUsage of job (MB)
	8407984  -  ResidentSetSize of job (KB)
...
006 (378.000.000) 03/27 03:25:26 Image size of job updated: 37035488
	8299  -  MemoryUsage of job (MB)
	8498016  -  ResidentSetSize of job (KB)
...
010 (378.000.000) 03/27 03:27:21 Job was suspended.
	Number of processes actually suspended: 1
...
006 (378.000.000) 03/27 03:27:21 Image size of job updated: 37035488
	8881  -  MemoryUsage of job (MB)
	9093936  -  ResidentSetSize of job (KB)
...
011 (378.000.000) 03/27 03:27:51 Job was unsuspended.
...
006 (378.000.000) 03/27 03:30:26 Image size of job updated: 37035488
	9957  -  MemoryUsage of job (MB)
	10195964  -  ResidentSetSize of job (KB)
...
006 (378.000.000) 03/27 03:35:27 Image size of job updated: 37035488
	10320  -  MemoryUsage of job (MB)
	10567248  -  ResidentSetSize of job (KB)
...
006 (378.000.000) 03/27 03:40:27 Image size of job updated: 37035488
	10389  -  MemoryUsage of job (MB)
	10637384  -  ResidentSetSize of job (KB)
...
005 (378.000.000) 03/27 04:05:22 Job terminated.
	(1) Normal termination (return value 0)
		Usr 0 00:42:29, Sys 0 00:00:31  -  Run Remote Usage
		Usr 0 00:00:00, Sys 0 00:00:00  -  Run Local Usage
		Usr 0 00:42:29, Sys 0 00:00:31  -  Total Remote Usage
		Usr 0 00:00:00, Sys 0 00:00:00  -  Total Local Usage
	0  -  Run Bytes Sent By Job
	0  -  Run Bytes Received By Job
	0  -  Total Bytes Sent By Job
	0  -  Total Bytes Received By Job
	Partitionable Resources :    Usage  Request Allocated
	   Cpus                 :                 1         1
	   Disk (KB)            :       10       10   7541869
	   Gpus                 :                           0
	   Memory (MB)          :    10389        1      4027
...
