000 (379.000.000) 03/27 03:15:04 Job submitted from host: <128.83.130.140:49830>
...
001 (379.000.000) 03/27 03:15:16 Job executing on host: <128.83.139.150:49921>
...
006 (379.000.000) 03/27 03:15:25 Image size of job updated: 37035488
	134  -  MemoryUsage of job (MB)
	136596  -  ResidentSetSize of job (KB)
...
006 (379.000.000) 03/27 03:20:26 Image size of job updated: 37035488
	8438  -  MemoryUsage of job (MB)
	8640352  -  ResidentSetSize of job (KB)
...
006 (379.000.000) 03/27 03:25:26 Image size of job updated: 37035488
	9019  -  MemoryUsage of job (MB)
	9235076  -  ResidentSetSize of job (KB)
...
010 (379.000.000) 03/27 03:27:12 Job was suspended.
	Number of processes actually suspended: 1
...
006 (379.000.000) 03/27 03:27:12 Image size of job updated: 37035488
	9585  -  MemoryUsage of job (MB)
	9814904  -  ResidentSetSize of job (KB)
...
011 (379.000.000) 03/27 03:28:11 Job was unsuspended.
...
006 (379.000.000) 03/27 03:30:26 Image size of job updated: 37035488
	10223  -  MemoryUsage of job (MB)
	10467860  -  ResidentSetSize of job (KB)
...
010 (379.000.000) 03/27 03:33:39 Job was suspended.
	Number of processes actually suspended: 1
...
011 (379.000.000) 03/27 03:33:54 Job was unsuspended.
...
006 (379.000.000) 03/27 03:35:27 Image size of job updated: 37035488
	10330  -  MemoryUsage of job (MB)
	10577056  -  ResidentSetSize of job (KB)
...
006 (379.000.000) 03/27 03:40:27 Image size of job updated: 37035488
	10429  -  MemoryUsage of job (MB)
	10678408  -  ResidentSetSize of job (KB)
...
005 (379.000.000) 03/27 04:09:50 Job terminated.
	(1) Normal termination (return value 0)
		Usr 0 00:46:43, Sys 0 00:00:20  -  Run Remote Usage
		Usr 0 00:00:00, Sys 0 00:00:00  -  Run Local Usage
		Usr 0 00:46:43, Sys 0 00:00:20  -  Total Remote Usage
		Usr 0 00:00:00, Sys 0 00:00:00  -  Total Local Usage
	0  -  Run Bytes Sent By Job
	0  -  Run Bytes Received By Job
	0  -  Total Bytes Sent By Job
	0  -  Total Bytes Received By Job
	Partitionable Resources :    Usage  Request Allocated
	   Cpus                 :                 1         1
	   Disk (KB)            :       10       10   7541869
	   Gpus                 :                           0
	   Memory (MB)          :    10429        1      4027
...
