000 (354.000.000) 03/27 03:15:01 Job submitted from host: <128.83.130.140:49830>
...
001 (354.000.000) 03/27 03:15:13 Job executing on host: <128.83.144.148:37678>
...
006 (354.000.000) 03/27 03:15:21 Image size of job updated: 29536776
	113  -  MemoryUsage of job (MB)
	115584  -  ResidentSetSize of job (KB)
...
006 (354.000.000) 03/27 03:20:21 Image size of job updated: 29536776
	1866  -  MemoryUsage of job (MB)
	1910716  -  ResidentSetSize of job (KB)
...
006 (354.000.000) 03/27 03:25:22 Image size of job updated: 29536776
	2027  -  MemoryUsage of job (MB)
	2075456  -  ResidentSetSize of job (KB)
...
006 (354.000.000) 03/27 03:30:22 Image size of job updated: 29536776
	3570  -  MemoryUsage of job (MB)
	3655480  -  ResidentSetSize of job (KB)
...
006 (354.000.000) 03/27 03:35:22 Image size of job updated: 29536776
	3847  -  MemoryUsage of job (MB)
	3939308  -  ResidentSetSize of job (KB)
...
006 (354.000.000) 03/27 03:40:23 Image size of job updated: 29536776
	3849  -  MemoryUsage of job (MB)
	3940740  -  ResidentSetSize of job (KB)
...
005 (354.000.000) 03/27 03:43:35 Job terminated.
	(1) Normal termination (return value 0)
		Usr 0 00:28:26, Sys 0 00:00:07  -  Run Remote Usage
		Usr 0 00:00:00, Sys 0 00:00:00  -  Run Local Usage
		Usr 0 00:28:26, Sys 0 00:00:07  -  Total Remote Usage
		Usr 0 00:00:00, Sys 0 00:00:00  -  Total Local Usage
	0  -  Run Bytes Sent By Job
	0  -  Run Bytes Received By Job
	0  -  Total Bytes Sent By Job
	0  -  Total Bytes Received By Job
	Partitionable Resources :    Usage  Request Allocated
	   Cpus                 :                 1         1
	   Disk (KB)            :       10       10   8859041
	   Gpus                 :                           0
	   Memory (MB)          :     3849        1      4028
...
