000 (360.000.000) 03/27 03:15:01 Job submitted from host: <128.83.130.140:49830>
...
001 (360.000.000) 03/27 03:15:13 Job executing on host: <128.83.144.148:37678>
...
006 (360.000.000) 03/27 03:15:22 Image size of job updated: 29539360
	47  -  MemoryUsage of job (MB)
	47384  -  ResidentSetSize of job (KB)
...
006 (360.000.000) 03/27 03:20:23 Image size of job updated: 29539360
	3273  -  MemoryUsage of job (MB)
	3351480  -  ResidentSetSize of job (KB)
...
006 (360.000.000) 03/27 03:25:23 Image size of job updated: 29539360
	3862  -  MemoryUsage of job (MB)
	3954068  -  ResidentSetSize of job (KB)
...
006 (360.000.000) 03/27 03:30:23 Image size of job updated: 29539360
	4409  -  MemoryUsage of job (MB)
	4514616  -  ResidentSetSize of job (KB)
...
006 (360.000.000) 03/27 03:35:24 Image size of job updated: 29539360
	4906  -  MemoryUsage of job (MB)
	5022848  -  ResidentSetSize of job (KB)
...
006 (360.000.000) 03/27 03:40:24 Image size of job updated: 29539360
	5512  -  MemoryUsage of job (MB)
	5643392  -  ResidentSetSize of job (KB)
...
006 (360.000.000) 03/27 03:45:24 Image size of job updated: 29539360
	6050  -  MemoryUsage of job (MB)
	6194304  -  ResidentSetSize of job (KB)
...
006 (360.000.000) 03/27 03:50:25 Image size of job updated: 29539360
	6772  -  MemoryUsage of job (MB)
	6933672  -  ResidentSetSize of job (KB)
...
006 (360.000.000) 03/27 03:55:26 Image size of job updated: 29539360
	6772  -  MemoryUsage of job (MB)
	6933676  -  ResidentSetSize of job (KB)
...
006 (360.000.000) 03/27 04:05:26 Image size of job updated: 29539360
	6775  -  MemoryUsage of job (MB)
	6936756  -  ResidentSetSize of job (KB)
...
006 (360.000.000) 03/27 04:25:28 Image size of job updated: 29539360
	7449  -  MemoryUsage of job (MB)
	7627160  -  ResidentSetSize of job (KB)
...
006 (360.000.000) 03/27 04:30:29 Image size of job updated: 29539360
	7449  -  MemoryUsage of job (MB)
	7627300  -  ResidentSetSize of job (KB)
...
006 (360.000.000) 03/27 04:50:30 Image size of job updated: 29539360
	8375  -  MemoryUsage of job (MB)
	8575024  -  ResidentSetSize of job (KB)
...
006 (360.000.000) 03/27 04:55:30 Image size of job updated: 29539360
	9534  -  MemoryUsage of job (MB)
	9762696  -  ResidentSetSize of job (KB)
...
005 (360.000.000) 03/27 04:57:45 Job terminated.
	(1) Normal termination (return value 0)
		Usr 0 01:42:47, Sys 0 00:00:15  -  Run Remote Usage
		Usr 0 00:00:00, Sys 0 00:00:00  -  Run Local Usage
		Usr 0 01:42:47, Sys 0 00:00:15  -  Total Remote Usage
		Usr 0 00:00:00, Sys 0 00:00:00  -  Total Local Usage
	0  -  Run Bytes Sent By Job
	0  -  Run Bytes Received By Job
	0  -  Total Bytes Sent By Job
	0  -  Total Bytes Received By Job
	Partitionable Resources :    Usage  Request Allocated
	   Cpus                 :                 1         1
	   Disk (KB)            :       10       10   8859041
	   Gpus                 :                           0
	   Memory (MB)          :     9534        1      4028
...
