000 (361.000.000) 03/27 03:15:01 Job submitted from host: <128.83.130.140:49830>
...
001 (361.000.000) 03/27 03:15:14 Job executing on host: <128.83.144.148:37678>
...
006 (361.000.000) 03/27 03:15:22 Image size of job updated: 28404972
	21  -  MemoryUsage of job (MB)
	20748  -  ResidentSetSize of job (KB)
...
006 (361.000.000) 03/27 03:20:22 Image size of job updated: 29536776
	6616  -  MemoryUsage of job (MB)
	6774012  -  ResidentSetSize of job (KB)
...
006 (361.000.000) 03/27 03:25:23 Image size of job updated: 29536776
	6624  -  MemoryUsage of job (MB)
	6782000  -  ResidentSetSize of job (KB)
...
006 (361.000.000) 03/27 03:30:24 Image size of job updated: 29536776
	6624  -  MemoryUsage of job (MB)
	6782012  -  ResidentSetSize of job (KB)
...
006 (361.000.000) 03/27 03:35:24 Image size of job updated: 29536776
	6624  -  MemoryUsage of job (MB)
	6782032  -  ResidentSetSize of job (KB)
...
006 (361.000.000) 03/27 03:40:25 Image size of job updated: 29536776
	6624  -  MemoryUsage of job (MB)
	6782036  -  ResidentSetSize of job (KB)
...
006 (361.000.000) 03/27 04:00:27 Image size of job updated: 29536776
	6694  -  MemoryUsage of job (MB)
	6853752  -  ResidentSetSize of job (KB)
...
006 (361.000.000) 03/27 04:05:27 Image size of job updated: 29536776
	7445  -  MemoryUsage of job (MB)
	7623364  -  ResidentSetSize of job (KB)
...
006 (361.000.000) 03/27 04:10:27 Image size of job updated: 29536776
	7450  -  MemoryUsage of job (MB)
	7628168  -  ResidentSetSize of job (KB)
...
006 (361.000.000) 03/27 04:40:31 Image size of job updated: 29536776
	8248  -  MemoryUsage of job (MB)
	8445808  -  ResidentSetSize of job (KB)
...
006 (361.000.000) 03/27 04:45:31 Image size of job updated: 29536776
	9509  -  MemoryUsage of job (MB)
	9736448  -  ResidentSetSize of job (KB)
...
006 (361.000.000) 03/27 04:50:32 Image size of job updated: 29536776
	9509  -  MemoryUsage of job (MB)
	9736564  -  ResidentSetSize of job (KB)
...
006 (361.000.000) 03/27 04:55:33 Image size of job updated: 29536776
	9509  -  MemoryUsage of job (MB)
	9736576  -  ResidentSetSize of job (KB)
...
006 (361.000.000) 03/27 05:05:33 Image size of job updated: 29536776
	9509  -  MemoryUsage of job (MB)
	9736580  -  ResidentSetSize of job (KB)
...
005 (361.000.000) 03/27 05:05:33 Job terminated.
	(1) Normal termination (return value 0)
		Usr 0 01:50:37, Sys 0 00:00:18  -  Run Remote Usage
		Usr 0 00:00:00, Sys 0 00:00:00  -  Run Local Usage
		Usr 0 01:50:37, Sys 0 00:00:18  -  Total Remote Usage
		Usr 0 00:00:00, Sys 0 00:00:00  -  Total Local Usage
	0  -  Run Bytes Sent By Job
	0  -  Run Bytes Received By Job
	0  -  Total Bytes Sent By Job
	0  -  Total Bytes Received By Job
	Partitionable Resources :    Usage  Request Allocated
	   Cpus                 :                 1         1
	   Disk (KB)            :       10       10   8859041
	   Gpus                 :                           0
	   Memory (MB)          :     9509        1      4028
...
