000 (362.000.000) 03/27 03:15:01 Job submitted from host: <128.83.130.140:49830>
...
001 (362.000.000) 03/27 03:15:14 Job executing on host: <128.83.144.148:37678>
...
006 (362.000.000) 03/27 03:15:22 Image size of job updated: 28404972
	21  -  MemoryUsage of job (MB)
	21008  -  ResidentSetSize of job (KB)
...
006 (362.000.000) 03/27 03:20:22 Image size of job updated: 29536776
	6358  -  MemoryUsage of job (MB)
	6510432  -  ResidentSetSize of job (KB)
...
006 (362.000.000) 03/27 03:25:23 Image size of job updated: 29536776
	6369  -  MemoryUsage of job (MB)
	6521228  -  ResidentSetSize of job (KB)
...
006 (362.000.000) 03/27 03:30:24 Image size of job updated: 29536776
	6369  -  MemoryUsage of job (MB)
	6521308  -  ResidentSetSize of job (KB)
...
006 (362.000.000) 03/27 03:35:24 Image size of job updated: 29536776
	6369  -  MemoryUsage of job (MB)
	6521312  -  ResidentSetSize of job (KB)
...
006 (362.000.000) 03/27 03:40:25 Image size of job updated: 29536776
	6369  -  MemoryUsage of job (MB)
	6521392  -  ResidentSetSize of job (KB)
...
006 (362.000.000) 03/27 03:45:26 Image size of job updated: 29536776
	7029  -  MemoryUsage of job (MB)
	7197684  -  ResidentSetSize of job (KB)
...
006 (362.000.000) 03/27 03:50:26 Image size of job updated: 29536776
	7029  -  MemoryUsage of job (MB)
	7197688  -  ResidentSetSize of job (KB)
...
006 (362.000.000) 03/27 04:05:28 Image size of job updated: 29536776
	7030  -  MemoryUsage of job (MB)
	7197896  -  ResidentSetSize of job (KB)
...
006 (362.000.000) 03/27 04:20:30 Image size of job updated: 29536776
	7031  -  MemoryUsage of job (MB)
	7199544  -  ResidentSetSize of job (KB)
...
006 (362.000.000) 03/27 04:30:30 Image size of job updated: 29536776
	7034  -  MemoryUsage of job (MB)
	7202060  -  ResidentSetSize of job (KB)
...
006 (362.000.000) 03/27 04:35:32 Image size of job updated: 29536776
	7296  -  MemoryUsage of job (MB)
	7470428  -  ResidentSetSize of job (KB)
...
006 (362.000.000) 03/27 04:40:32 Image size of job updated: 29536776
	8160  -  MemoryUsage of job (MB)
	8355164  -  ResidentSetSize of job (KB)
...
006 (362.000.000) 03/27 04:45:32 Image size of job updated: 29536776
	9519  -  MemoryUsage of job (MB)
	9746536  -  ResidentSetSize of job (KB)
...
006 (362.000.000) 03/27 05:05:34 Image size of job updated: 29536776
	9519  -  MemoryUsage of job (MB)
	9747308  -  ResidentSetSize of job (KB)
...
006 (362.000.000) 03/27 05:10:35 Image size of job updated: 29536776
	9519  -  MemoryUsage of job (MB)
	9747312  -  ResidentSetSize of job (KB)
...
006 (362.000.000) 03/27 05:15:36 Image size of job updated: 29536776
	10061  -  MemoryUsage of job (MB)
	10302400  -  ResidentSetSize of job (KB)
...
005 (362.000.000) 03/27 05:21:27 Job terminated.
	(1) Normal termination (return value 0)
		Usr 0 02:06:20, Sys 0 00:00:21  -  Run Remote Usage
		Usr 0 00:00:00, Sys 0 00:00:00  -  Run Local Usage
		Usr 0 02:06:20, Sys 0 00:00:21  -  Total Remote Usage
		Usr 0 00:00:00, Sys 0 00:00:00  -  Total Local Usage
	0  -  Run Bytes Sent By Job
	0  -  Run Bytes Received By Job
	0  -  Total Bytes Sent By Job
	0  -  Total Bytes Received By Job
	Partitionable Resources :    Usage  Request Allocated
	   Cpus                 :                 1         1
	   Disk (KB)            :       10       10   8859041
	   Gpus                 :                           0
	   Memory (MB)          :    10061        1      4028
...
