000 (355.000.000) 03/27 03:15:01 Job submitted from host: <128.83.130.140:49830>
...
001 (355.000.000) 03/27 03:15:13 Job executing on host: <128.83.144.148:37678>
...
006 (355.000.000) 03/27 03:15:22 Image size of job updated: 29536776
	76  -  MemoryUsage of job (MB)
	77372  -  ResidentSetSize of job (KB)
...
006 (355.000.000) 03/27 03:20:23 Image size of job updated: 29536776
	1894  -  MemoryUsage of job (MB)
	1938540  -  ResidentSetSize of job (KB)
...
006 (355.000.000) 03/27 03:25:24 Image size of job updated: 29536776
	1962  -  MemoryUsage of job (MB)
	2008136  -  ResidentSetSize of job (KB)
...
006 (355.000.000) 03/27 03:30:24 Image size of job updated: 29536776
	3217  -  MemoryUsage of job (MB)
	3294172  -  ResidentSetSize of job (KB)
...
006 (355.000.000) 03/27 03:35:25 Image size of job updated: 29536776
	3688  -  MemoryUsage of job (MB)
	3776044  -  ResidentSetSize of job (KB)
...
006 (355.000.000) 03/27 03:40:26 Image size of job updated: 29536776
	3848  -  MemoryUsage of job (MB)
	3940148  -  ResidentSetSize of job (KB)
...
006 (355.000.000) 03/27 03:45:26 Image size of job updated: 29536776
	3848  -  MemoryUsage of job (MB)
	3940292  -  ResidentSetSize of job (KB)
...
006 (355.000.000) 03/27 03:50:26 Image size of job updated: 29536776
	5761  -  MemoryUsage of job (MB)
	5898248  -  ResidentSetSize of job (KB)
...
006 (355.000.000) 03/27 03:55:27 Image size of job updated: 29536776
	7045  -  MemoryUsage of job (MB)
	7213904  -  ResidentSetSize of job (KB)
...
005 (355.000.000) 03/27 03:57:50 Job terminated.
	(1) Normal termination (return value 0)
		Usr 0 00:42:36, Sys 0 00:00:09  -  Run Remote Usage
		Usr 0 00:00:00, Sys 0 00:00:00  -  Run Local Usage
		Usr 0 00:42:36, Sys 0 00:00:09  -  Total Remote Usage
		Usr 0 00:00:00, Sys 0 00:00:00  -  Total Local Usage
	0  -  Run Bytes Sent By Job
	0  -  Run Bytes Received By Job
	0  -  Total Bytes Sent By Job
	0  -  Total Bytes Received By Job
	Partitionable Resources :    Usage  Request Allocated
	   Cpus                 :                 1         1
	   Disk (KB)            :       10       10   8859041
	   Gpus                 :                           0
	   Memory (MB)          :     7045        1      4028
...
