000 (357.000.000) 03/27 03:15:01 Job submitted from host: <128.83.130.140:49830>
...
001 (357.000.000) 03/27 03:15:13 Job executing on host: <128.83.144.148:37678>
...
006 (357.000.000) 03/27 03:15:22 Image size of job updated: 29536776
	56  -  MemoryUsage of job (MB)
	56664  -  ResidentSetSize of job (KB)
...
006 (357.000.000) 03/27 03:20:23 Image size of job updated: 29536776
	1784  -  MemoryUsage of job (MB)
	1826788  -  ResidentSetSize of job (KB)
...
006 (357.000.000) 03/27 03:25:24 Image size of job updated: 29536776
	2696  -  MemoryUsage of job (MB)
	2760332  -  ResidentSetSize of job (KB)
...
006 (357.000.000) 03/27 03:30:24 Image size of job updated: 29536776
	3530  -  MemoryUsage of job (MB)
	3614508  -  ResidentSetSize of job (KB)
...
006 (357.000.000) 03/27 03:35:25 Image size of job updated: 29536776
	3533  -  MemoryUsage of job (MB)
	3617600  -  ResidentSetSize of job (KB)
...
006 (357.000.000) 03/27 03:40:26 Image size of job updated: 29536776
	3931  -  MemoryUsage of job (MB)
	4024784  -  ResidentSetSize of job (KB)
...
006 (357.000.000) 03/27 03:45:26 Image size of job updated: 29536776
	3931  -  MemoryUsage of job (MB)
	4024844  -  ResidentSetSize of job (KB)
...
006 (357.000.000) 03/27 03:50:26 Image size of job updated: 29536776
	3931  -  MemoryUsage of job (MB)
	4024900  -  ResidentSetSize of job (KB)
...
006 (357.000.000) 03/27 03:55:27 Image size of job updated: 29536776
	5052  -  MemoryUsage of job (MB)
	5172412  -  ResidentSetSize of job (KB)
...
006 (357.000.000) 03/27 04:00:27 Image size of job updated: 29536776
	6096  -  MemoryUsage of job (MB)
	6241872  -  ResidentSetSize of job (KB)
...
006 (357.000.000) 03/27 04:05:27 Image size of job updated: 29536776
	6096  -  MemoryUsage of job (MB)
	6241912  -  ResidentSetSize of job (KB)
...
006 (357.000.000) 03/27 04:10:28 Image size of job updated: 29536776
	6096  -  MemoryUsage of job (MB)
	6241944  -  ResidentSetSize of job (KB)
...
006 (357.000.000) 03/27 04:15:29 Image size of job updated: 29536776
	6230  -  MemoryUsage of job (MB)
	6379336  -  ResidentSetSize of job (KB)
...
005 (357.000.000) 03/27 04:16:19 Job terminated.
	(1) Normal termination (return value 0)
		Usr 0 01:01:13, Sys 0 00:00:12  -  Run Remote Usage
		Usr 0 00:00:00, Sys 0 00:00:00  -  Run Local Usage
		Usr 0 01:01:13, Sys 0 00:00:12  -  Total Remote Usage
		Usr 0 00:00:00, Sys 0 00:00:00  -  Total Local Usage
	0  -  Run Bytes Sent By Job
	0  -  Run Bytes Received By Job
	0  -  Total Bytes Sent By Job
	0  -  Total Bytes Received By Job
	Partitionable Resources :    Usage  Request Allocated
	   Cpus                 :                 1         1
	   Disk (KB)            :       10       10   8859041
	   Gpus                 :                           0
	   Memory (MB)          :     6230        1      4028
...
